2024-03-27 17:48:13 INFO  Logger:9 - <CCTTicketDisplayRequest>
  <POSID>01</POSID>
  <APPID>04</APPID>
  <CCTID>06</CCTID>
  <ClerkID>111</ClerkID>
  <DisplayFlag>00</DisplayFlag>
  <AllowCardReader>Y</AllowCardReader>
  <ADSDKSpecVer>6.13.0</ADSDKSpecVer>
  <SessionId>12345</SessionId>
  <HeaderText />
  <FooterText />
  <ButtonText1>Next</ButtonText1>
  <ButtonText2 />
  <ButtonText3 />
  <TicketProductData>
    <TicketCount>1</TicketCount>
    <Tickets>
      <Ticket>
        <TicketNumber>001</TicketNumber>
        <ProductCount>3</ProductCount>
        <Products>
          <Product>
            <ProductID>1</ProductID>
            <ProductName>Product 1</ProductName>
            <ProductTypeIndicator>1</ProductTypeIndicator>
            <ProductDataType />
            <ServiceLevel>F</ServiceLevel>
            <ProductCode />
            <ProductShortDescription>Skechers 1</ProductShortDescription>
            <ProductStatementDescriptor />
            <UnitOfMeasure>U</UnitOfMeasure>
            <ProductUnitPrice>14</ProductUnitPrice>
            <ProductShipDate />
            <ProductCommodityCode />
            <ProductCreditDebitIndicator />
            <ProductDiscountFlag>1</ProductDiscountFlag>
            <DiscountPercentage />
            <ProductDiscount>1.00</ProductDiscount>
            <DepartmentID>001</DepartmentID>
            <DepartmentName>Electronic's</DepartmentName>
            <Quantity>1</Quantity>
            <Price>14.00</Price>
            <Tax />
            <ProductTaxRate />
            <ProductTypeFlag />
            <ProductNetGrossIndicator />
            <SubscriptionEvery />
            <SubscriptionEveryPeriod />
            <ProductQuantityDecimal />
            <LineProductTotal />
            <ReservedField1 />
            <ReservedField2 />
            <ShippingAddressId />
          </Product>
          <Product>
            <ProductID>2</ProductID>
            <ProductName>Product 2</ProductName>
            <ProductTypeIndicator>1</ProductTypeIndicator>
            <ProductDataType />
            <ServiceLevel>F</ServiceLevel>
            <ProductCode />
            <ProductShortDescription>Skechers 2</ProductShortDescription>
            <ProductStatementDescriptor />
            <UnitOfMeasure>U</UnitOfMeasure>
            <ProductUnitPrice>10</ProductUnitPrice>
            <ProductShipDate />
            <ProductCommodityCode />
            <ProductCreditDebitIndicator />
            <ProductDiscountFlag>1</ProductDiscountFlag>
            <DiscountPercentage />
            <ProductDiscount>1.00</ProductDiscount>
            <DepartmentID>002</DepartmentID>
            <DepartmentName>Electronic's</DepartmentName>
            <Quantity>1</Quantity>
            <Price>10.00</Price>
            <Tax />
            <ProductTaxRate />
            <ProductTypeFlag />
            <ProductNetGrossIndicator />
            <SubscriptionEvery />
            <SubscriptionEveryPeriod />
            <ProductQuantityDecimal />
            <LineProductTotal />
            <ReservedField1 />
            <ReservedField2 />
            <ShippingAddressId />
          </Product>
          <Product>
            <ProductID>3</ProductID>
            <ProductName>Product 3</ProductName>
            <ProductTypeIndicator>1</ProductTypeIndicator>
            <ProductDataType />
            <ServiceLevel>F</ServiceLevel>
            <ProductCode />
            <ProductShortDescription>Skechers 3</ProductShortDescription>
            <ProductStatementDescriptor />
            <UnitOfMeasure>U</UnitOfMeasure>
            <ProductUnitPrice>2</ProductUnitPrice>
            <ProductShipDate />
            <ProductCommodityCode />
            <ProductCreditDebitIndicator />
            <ProductDiscountFlag>1</ProductDiscountFlag>
            <DiscountPercentage />
            <ProductDiscount>1.00</ProductDiscount>
            <DepartmentID>003</DepartmentID>
            <DepartmentName>Electronic's</DepartmentName>
            <Quantity>1</Quantity>
            <Price>2.00</Price>
            <Tax />
            <ProductTaxRate />
            <ProductTypeFlag />
            <ProductNetGrossIndicator />
            <SubscriptionEvery />
            <SubscriptionEveryPeriod />
            <ProductQuantityDecimal />
            <LineProductTotal />
            <ReservedField1 />
            <ReservedField2 />
            <ShippingAddressId />
          </Product>
        </Products>
      </Ticket>
    </Tickets>
  </TicketProductData>
  <TransTotalDiscountAmt>0.00</TransTotalDiscountAmt>
  <TransTotalQuantity>3</TransTotalQuantity>
  <TransSubTotalAmount />
  <TaxAmount>0.00</TaxAmount>
  <ServicesTotalAmount>0.00</ServicesTotalAmount>
  <TransTotalAmount>26.00</TransTotalAmount>
  <PONumber />
  <LanguageIndicator />
  <CashBackFlag>0</CashBackFlag>
  <TransactionType />
</CCTTicketDisplayRequest>

2024-03-27 17:48:13 INFO  Logger:10 - <?xml version="1.0" encoding="UTF-8"?>
<CCTTicketDisplayResponse>
  <POSID>01</POSID>
  <APPID>04</APPID>
  <CCTID>06</CCTID>
  <ResponseCode>00000</ResponseCode>
  <ResponseText>Approved</ResponseText>
  <SessionId>12345</SessionId>
</CCTTicketDisplayResponse>

2024-03-27 17:48:17 INFO  Logger:9 - <GetCardBINRequest>
  <POSID>01</POSID>
  <APPID>04</APPID>
  <CCTID>06</CCTID>
  <HeaderMessage>Insert or Swipe Card</HeaderMessage>
  <MessageLine1>or Tap</MessageLine1>
  <LookUpFlag>4</LookUpFlag>
  <AllowKeyedEntry>N</AllowKeyedEntry>
  <ADSDKSpecVer>6.13.0</ADSDKSpecVer>
  <CRMToken />
  <SessionId>12345</SessionId>
  <CardType />
  <AllowManualFallback>N</AllowManualFallback>
  <EntrySource />
  <CardNumber />
  <KI />
  <KIType />
  <CashBackFlag />
  <TenderAmount />
  <PromptConfirmFlag>1</PromptConfirmFlag>
  <ProcessingMode>0</ProcessingMode>
  <FeedbackFlag>0</FeedbackFlag>
  <CVVFlag>0</CVVFlag>
  <CardDataInfo>
    <CardDataSource>3</CardDataSource>
    <EncryptionMode />
    <TrackData />
    <EMVDetailsData />
    <TokenizedTrackData />
  </CardDataInfo>
  <ECOMMInfo>
    <MerchantIdentifier />
    <StoreId />
    <TerminalId />
    <CVV />
    <CardIdentifier />
  </ECOMMInfo>
  <CustomerInfoValidation>
    <ValidateEmail />
    <ValidatePhoneNum />
    <ValidateZipCode />
    <Reserved1 />
    <Reserved2 />
  </CustomerInfoValidation>
  <LoyaltyPassData>
    <MerchantURL />
  </LoyaltyPassData>
  <ClerkID>111</ClerkID>
  <AdditionalTags>
    <Tags>
      <Tag>
        <Key />
        <Value />
      </Tag>
      <Tag>
        <Key />
        <Value />
      </Tag>
    </Tags>
  </AdditionalTags>
  <TransactionType />
  <LanguageIndicator />
</GetCardBINRequest>

2024-03-27 17:48:17 INFO  Logger:10 - <?xml version="1.0" encoding="UTF-8"?>
<GetCardBINResponse>
  <POSID>01</POSID>
  <APPID>04</APPID>
  <CCTID>06</CCTID>
  <ResponseCode>00000</ResponseCode>
  <ResponseText>APPROVAL</ResponseText>
  <KI />
  <KIType />
  <CardType>VIC</CardType>
  <CardToken>4761730110160119</CardToken>
  <CardEntryMode>T</CardEntryMode>
  <CardDataSource />
  <CardTokenDetailData />
  <CardExpiryDate>1222</CardExpiryDate>
  <CustomerInfoValidationResult>000000</CustomerInfoValidationResult>
  <CustomerIdentifier />
  <SessionId>12345</SessionId>
  <ECOMMInfo />
  <DCCOffered>0</DCCOffered>
  <FleetPromptsFlag />
  <LoyaltyPassData />
  <FallbackIndicator>0</FallbackIndicator>
</GetCardBINResponse>

2024-03-27 17:48:31 INFO  Logger:9 - <TransRequest>
  <POSID>01</POSID>
  <APPID>04</APPID>
  <CCTID>06</CCTID>
  <LaneNo />
  <POSType>1</POSType>
  <KI />
  <KIType />
  <DeviceId />
  <ADSDKSpecVer>6.13.0</ADSDKSpecVer>
  <SessionId>12345</SessionId>
  <CardToken>4761730110160119</CardToken>
  <ProcessorToken />
  <CardExpiryDate />
  <DCCOffered>0</DCCOffered>
  <CustomerIdentifier />
  <CardPresent>Y</CardPresent>
  <PurchaserPresent>Y</PurchaserPresent>
  <EntrySource />
  <KeyedEntryAVSFlag>N</KeyedEntryAVSFlag>
  <KeyedEntryReasonCode />
  <GiftPurchaseAuthIndicator>N</GiftPurchaseAuthIndicator>
  <EcommerceIndicator>N</EcommerceIndicator>
  <CashBackFlag>0</CashBackFlag>
  <CVBFlag />
  <ProcessingMode>0</ProcessingMode>
  <CardType />
  <SubCardType />
  <FeedbackFlag>0</FeedbackFlag>
  <CVVFlag>0</CVVFlag>
  <CardDataInfo>
    <CardDataSource>3</CardDataSource>
    <EncryptionMode />
    <TrackData />
    <EMVDetailsData />
    <CVVData />
    <PINBlock>204F5B28BA4B479D</PINBlock>
    <KSNBlock>00000E00BAE00AD8</KSNBlock>
  </CardDataInfo>
  <TransAmountDetails>
    <ServicesTotalAmount>0.00</ServicesTotalAmount>
    <ProductTotalAmount>0.00</ProductTotalAmount>
    <TaxAmount>0.00</TaxAmount>
    <Discount>0.00</Discount>
    <EBTAmount>0.00</EBTAmount>
    <FSAAmount />
    <DutyTotalAmount />
    <DonationAmount>0.00</DonationAmount>
    <FreightTotalAmount />
    <AlternateTaxAmount />
    <TipAmount>0.00</TipAmount>
    <CashBackAmount />
    <CashBackFees />
    <TenderAmount>26.00</TenderAmount>
    <TransactionTotal>26.00</TransactionTotal>
    <ConvenienceFees />
  </TransAmountDetails>
  <GiftCardList>
    <GiftCard>
      <GiftCardNumber />
      <GiftTrack2Data />
      <Amount />
      <CardActivationDate />
      <CardExpirationDate />
    </GiftCard>
  </GiftCardList>
  <ECOMMInfo>
    <MerchantIdentifier />
    <StoreId />
    <TerminalId />
    <CVV />
    <OneOrderToken />
    <OneTimeToken />
    <CardIdentifier />
    <CardExpiryDate />
    <DomainId>1</DomainId>
    <TemplateId>1</TemplateId>
    <URLType>1</URLType>
    <SourcePostBackUrl />
  </ECOMMInfo>
  <CardNumber />
  <TransactionType>01</TransactionType>
  <InvoiceNumber />
  <ReceiptNumber />
  <ReferenceNumber />
  <PONumber />
  <PODate />
  <CRMToken />
  <TaxExemptFlag>N</TaxExemptFlag>
  <POSIP>10.180.10.240</POSIP>
  <POSClientName>GKILLARE-WIN87</POSClientName>
  <POSVersion />
  <CustomerCode />
  <CustomerFirstName>John</CustomerFirstName>
  <CustomerLastName>Mathew</CustomerLastName>
  <CustomerType />
  <CustomerEmail />
  <CustomerPhoneNumber />
  <WalletIdentifier />
  <AlternatePaymentData />
  <DLIntellicheckFlag />
  <LanguageIndicator />
  <ProgramId />
  <StoreCardFlag>0</StoreCardFlag>
  <PostAuthSequenceNo>01</PostAuthSequenceNo>
  <PostAuthCount>01</PostAuthCount>
  <MerchantCategoryCode />
  <SSNFlag />
  <SSN />
  <BillingAddress>
    <BillingFirstName />
    <BillingMiddleName />
    <BillingLastName />
    <BillingAddressLine1 />
    <BillingAddressLine2 />
    <BillingAddressLine3 />
    <BillingZip />
    <BillingCity />
    <BillingState />
    <BillingProvince />
    <BillingCountry />
    <BillingMobileNumber />
    <BillingOtherNumber />
    <BillingEmailId />
  </BillingAddress>
  <ShippingAddress>
    <ShippingFirstName />
    <ShippingMiddleName />
    <ShippingLastName />
    <ShippingAddressLine1 />
    <ShippingAddressLine2 />
    <ShippingAddressLine3 />
    <ShippingZip />
    <ShippingCity />
    <ShippingState />
    <ShippingProvince />
    <ShippingCountry />
    <ShippingMobileNumber />
    <ShippingOtherNumber />
    <ShippingEmailId />
  </ShippingAddress>
  <ShippingInfo>
    <ShippingAddresses />
  </ShippingInfo>
  <CheckInfo>
    <DriverLicenseEntryMode />
    <DriverLicenseData />
    <DriverLicenseState />
    <CheckEntryMode />
    <FullMICR />
    <RoutingNumber />
    <AccountNumber />
    <CheckNumber />
    <CheckType />
    <ConsumerDOB />
    <OtherIDEntryMode />
    <OtherIDType />
    <OtherIDData />
    <OtherIDState />
    <StateName />
  </CheckInfo>
  <FraudScoreInfo>
    <ShippingMethod />
    <ShippingCompany />
    <EGCMessage />
    <EGCEmail />
    <DeviceFingerPrintId />
    <LoggedInState />
    <PickupStore />
    <PickupState />
  </FraudScoreInfo>
  <RentalInfo>
    <RenterName />
    <RentalAgreementNo />
    <RentalDate />
    <RentalTime />
    <RentalDuration />
    <RentalCity />
    <RentalState />
    <RentalCountry />
    <RentalExtraCharge />
    <RentalClassID />
    <RentalTaxIndicator />
    <ReturnDate />
    <ReturnTime />
    <ReturnCity />
    <ReturnState />
    <ReturnCountry />
    <AmountExtraCharge />
    <DelayChargeIndicator />
  </RentalInfo>
  <PreSaleDate />
  <PreApprovalRefNumber />
  <GiftCardType />
  <GiftCardTypePassCode />
  <AurusPayTicketNum />
  <OrigAurusPayTicketNum />
  <OrigTransactionIdentifier />
  <DCCTransParentId />
  <ApprovalCode />
  <VoucherNumber />
  <IVRAuthNumber />
  <SubTransType />
  <ShowResponse>1</ShowResponse>
  <ReferralNum />
  <EqualPayPlanNum />
  <CurrencyCode>840</CurrencyCode>
  <ClerkID>111</ClerkID>
  <TransactionDate>03272024</TransactionDate>
  <TransactionTime>174817</TransactionTime>
  <TipEligible>0</TipEligible>
  <AmountNoBar>0</AmountNoBar>
  <BatchNumber />
  <AllowknukleBuster>0</AllowknukleBuster>
  <TicketProductData>
    <TicketCount>1</TicketCount>
    <Tickets>
      <Ticket>
        <TicketNumber>1234567</TicketNumber>
        <ProductCount>1</ProductCount>
        <Products>
          <Product>
            <ProductID>1</ProductID>
            <ProductName>Product 1</ProductName>
            <ProductShortDescription>ProductShortDec1</ProductShortDescription>
            <ProductStatementDescriptor />
            <DepartmentID>001</DepartmentID>
            <DepartmentName>Electronic's</DepartmentName>
            <Quantity>2</Quantity>
            <Price>5.00</Price>
            <Tax />
            <ProductTypeFlag />
          </Product>
        </Products>
      </Ticket>
    </Tickets>
  </TicketProductData>
  <UPCDetails>
    <UPCCount>1</UPCCount>
    <UPCItems>
      <UPCItem>
        <UPCIndicator>1</UPCIndicator>
        <UPCPLUData>000</UPCPLUData>
        <UPCItemPrice>1</UPCItemPrice>
        <UPCQuantity>10</UPCQuantity>
        <UnitofMeasure>C</UnitofMeasure>
      </UPCItem>
    </UPCItems>
  </UPCDetails>
  <FleetData>
    <FleetProductCount>1</FleetProductCount>
    <FleetProducts>
      <FleetProduct>
        <FleetProductSeqNo>001</FleetProductSeqNo>
        <FleetProductDataType>102</FleetProductDataType>
        <FleetServiceLevel>S</FleetServiceLevel>
        <FleetNACSCode>001</FleetNACSCode>
        <FleetProductName>product 1</FleetProductName>
        <FleetUnitOfMeasure>O</FleetUnitOfMeasure>
        <FleetProductQuantity>1</FleetProductQuantity>
        <FleetProductUnitPrice>5</FleetProductUnitPrice>
        <FleetProductTotalAmount>5</FleetProductTotalAmount>
      </FleetProduct>
    </FleetProducts>
  </FleetData>
  <Level3ProductsData>
    <Level3ProductCount>1</Level3ProductCount>
    <Level3ProductChunkIndicator>0</Level3ProductChunkIndicator>
    <Level3Products>
      <Level3Product>
        <L3ProductSeqNo>001</L3ProductSeqNo>
        <L3ProductCode>Product Code</L3ProductCode>
        <L3ProductName>Product1</L3ProductName>
        <L3ProductDescription />
        <L3ProductQuantity>2</L3ProductQuantity>
        <L3UnitOfMeasure>O</L3UnitOfMeasure>
        <L3ProductUnitPrice>3</L3ProductUnitPrice>
        <L3ProductDiscount>1</L3ProductDiscount>
        <L3ProductTax>1.11</L3ProductTax>
        <L3ProductTaxRate />
        <L3FreightAmount />
        <L3MonogramAmount />
        <L3TarriffAmount />
        <L3OtherAmount />
        <L3GiftWrapAmount />
        <L3DepartmentID />
        <L3ClassID />
        <L3OrderRefNumber />
        <L3ProductTotalAmount>12</L3ProductTotalAmount>
      </Level3Product>
    </Level3Products>
  </Level3ProductsData>
  <EPPDetailsInfo>
    <STAN />
    <LifecycleID />
    <POSCapability />
    <ConditionCode />
    <AmountDue />
    <TermsVersion />
    <ProductIdentificationData />
    <ProductCount />
    <EPPDetails>
      <EPPProductData>
        <DatasetVersion />
        <ItemCode />
        <Quantity />
        <SignIndicator />
        <Price />
        <MBASDiscountQuantity />
        <MBASDiscountAmount />
        <EligibilityFlag />
        <RedemptionReqAmount />
        <ManufacturerDiscountAmount />
        <ManufacturerDiscountType />
        <AdjustmentPrice />
        <ItemReferenceNumber />
        <PurseID />
        <MBASStoreDiscountQuantity />
        <MBASStoreDiscountAmount />
        <StoreDiscountAmount />
        <StoreDiscountType />
        <MBASEligibilityFlags />
      </EPPProductData>
    </EPPDetails>
  </EPPDetailsInfo>
  <TenderTypeRestrictions />
  <SignatureFlag>N</SignatureFlag>
  <IsTokenizedTransaction>0</IsTokenizedTransaction>
  <FleetPromptCode />
  <AllowZipPrompt>0</AllowZipPrompt>
  <PartialAllowed>1</PartialAllowed>
  <PrintOnlyMode>N</PrintOnlyMode>
  <POSEnvironmentIndicator />
  <ThirdPartyID />
  <ThirdPartyURL />
  <SettlementInfo>
    <PromotionCode />
    <CreditPlan />
    <MerchantTransactionCode />
    <TransactionDescription />
    <InCircleAmount />
    <SalesCheckNumber />
  </SettlementInfo>
  <PLCCPaymentMethod />
  <AdditionalTags>
    <Tags>
      <Tag>
        <Key />
        <Value />
      </Tag>
      <Tag>
        <Key />
        <Value />
      </Tag>
    </Tags>
  </AdditionalTags>
  <Reserved1 />
  <Reserved2 />
  <ECOMMFingerPrintInfo>
    <IPAddress />
    <DeviceOS />
    <DeviceType />
    <BrowserDetails />
    <DeviceScreenResolution />
    <ReferralURL />
    <CountryCode>840</CountryCode>
    <StateName />
    <City />
    <BrowserLanguage>en-us English</BrowserLanguage>
    <WebsiteSessionID />
    <NetworkType />
    <NetworkSubType />
    <NetworkDownloadSpeed />
    <NetworkMaxDownloadSpeed />
  </ECOMMFingerPrintInfo>
  <InputIdentifier />
  <InputIdData />
  <OutputDataMatrix />
  <LoyaltyLookupFlag />
  <CorpID />
  <SubWalletIdentifier />
  <CardTypeSupport />
  <ClerkName />
</TransRequest>

2024-03-27 17:48:31 INFO  Logger:10 - <?xml version="1.0" encoding="UTF-8"?>
<TransResponse>
  <POSID>01</POSID>
  <APPID>04</APPID>
  <CCTID>06</CCTID>
  <TransDetailsData>
    <TransDetailData>
      <CardNumber>476173XXXXXX0119</CardNumber>
      <CardType>VIC</CardType>
      <TransactionTypeCode>1</TransactionTypeCode>
      <CardEntryMode>T</CardEntryMode>
      <KI />
      <KIType />
      <TransactionAmount>0.00</TransactionAmount>
      <TipAmount>0.00</TipAmount>
      <TransactionIdentifier>294240872989867329</TransactionIdentifier>
      <ResponseCode>20006</ResponseCode>
      <ResponseText>EXPIRED CARD</ResponseText>
      <ApprovalCode>000000</ApprovalCode>
      <BalanceAmount>0.00</BalanceAmount>
      <AuthAVSResult>U</AuthAVSResult>
      <TransactionSequenceNumber />
      <CardExpiryDate>1222</CardExpiryDate>
      <CustomerName />
      <CustomerTokenNumber>1313561542810119</CustomerTokenNumber>
      <SignatureReceiptFlag>0</SignatureReceiptFlag>
      <PartialApprovedFlag>N</PartialApprovedFlag>
      <EMVFlag>1</EMVFlag>
      <EMVData>[FS]MerchantID~313306264885[FS]TerminalID~[FS]ARC~05[FS]ISO~00[FS]AID~A0000000031010[FS]TVR~0000000000[FS]TSI~[FS]IAD~06010A03A00000[FS]App Pref Name~[FS]App Label~VISA CREDIT[FS]RespDate~03272024[FS]RespTime~081818</EMVData>
      <AdditionalReceiptInfo>
        <Line>AMOUNT:0.00</Line>
        <Line>CARD:VISA CREDIT XXXX0119 CTLS EMV</Line>
        <Line>APPROVAL CODE:000000</Line>
        <Line>AID:A0000000031010</Line>
        <Line>TVR:0000000000</Line>
        <Line>IAD:06010A03A00000</Line>
        <Line>TSI:</Line>
        <Line>ARC:05</Line>
        <Line>APPLICATION CRYPTOGRAM:02BCFE145D006E29</Line>
        <Line>APPLICATION PREFERRED NAME:</Line>
        <Line>APPLICATION LABEL:VISA CREDIT</Line>
      </AdditionalReceiptInfo>
      <VoidData />
      <LoyaltyInfo>
        <Usepoints />
        <BalancePoint />
        <Expiry />
        <LoyaltyLevel />
      </LoyaltyInfo>
      <ReferralNUM />
      <ReferralDialInformation />
      <OpenToPayCash />
      <OpenToBuy />
      <LastPaymentDate />
      <LastPaymentAmount />
      <ProcessorResponseCode>101</ProcessorResponseCode>
      <GiftCardTypePassCode />
      <ProcessorMerchantId />
      <ForcedComplianceCode />
      <CardIdentifier />
      <TransactionToken />
      <ReceiptToken>4761730110160119</ReceiptToken>
      <CorpCardToken />
      <EcomToken />
      <EcomResponseCode />
      <EcomResponseText />
      <CRMToken>1313561542810119</CRMToken>
      <ProcessorToken>1313561542810119</ProcessorToken>
      <FraudScoreInfo>
        <RequestToken />
      </FraudScoreInfo>
      <ECOMMInfo>
        <OneOrderToken />
        <CVVResult>0</CVVResult>
      </ECOMMInfo>
      <DCCDetails>
        <DCCOffered>0</DCCOffered>
      </DCCDetails>
      <CashbackAmount>0.00</CashbackAmount>
      <LanguageIndicator>00</LanguageIndicator>
      <TotalApprovedAmount>0.00</TotalApprovedAmount>
      <FallbackIndicator>0</FallbackIndicator>
      <EMVDataInTLVFormat>AID%7EA0000000031010%1ETVR%7E0000000000%1EIAD%7E06010A03A00000%1E%1EARC%7E3035</EMVDataInTLVFormat>
      <PromotionCode />
      <CardClass />
      <BillingAddress />
      <EPPDetailsInfo />
      <Reserved1 />
      <Reserved2 />
      <CheckInfo />
      <ReceiptDetails>
        <ReceiptData>
          <LanguageIndicator>00</LanguageIndicator>
          <ReceiptInfo>
            <Line>AMOUNT:0.00</Line>
            <Line>CARD:VISA CREDIT XXXX0119 CTLS EMV</Line>
            <Line>APPROVAL CODE:000000</Line>
            <Line>AID:A0000000031010</Line>
            <Line>TVR:0000000000</Line>
            <Line>IAD:06010A03A00000</Line>
            <Line>TSI:</Line>
            <Line>ARC:05</Line>
            <Line>APPLICATION CRYPTOGRAM:02BCFE145D006E29</Line>
            <Line>APPLICATION PREFERRED NAME:</Line>
            <Line>APPLICATION LABEL:VISA CREDIT</Line>
          </ReceiptInfo>
        </ReceiptData>
      </ReceiptDetails>
    </TransDetailData>
  </TransDetailsData>
  <BatchNumber>087001</BatchNumber>
  <AurusPayTicketNum>000000000000000000</AurusPayTicketNum>
  <AdditionalTags>
    <Tags>
      <Tag>
        <Key />
        <Value />
      </Tag>
      <Tag>
        <Key />
        <Value />
      </Tag>
    </Tags>
  </AdditionalTags>
  <SessionId>12345</SessionId>
</TransResponse>

