2024-03-28 13:17:42 INFO  Logger:9 - <CCTTicketDisplayRequest>
  <POSID>01</POSID>
  <APPID>04</APPID>
  <CCTID>06</CCTID>
  <ClerkID>111</ClerkID>
  <DisplayFlag>00</DisplayFlag>
  <AllowCardReader>Y</AllowCardReader>
  <ADSDKSpecVer>6.13.0</ADSDKSpecVer>
  <SessionId>12345</SessionId>
  <HeaderText />
  <FooterText />
  <ButtonText1>Next</ButtonText1>
  <ButtonText2 />
  <ButtonText3 />
  <TicketProductData>
    <TicketCount>1</TicketCount>
    <Tickets>
      <Ticket>
        <TicketNumber>001</TicketNumber>
        <ProductCount>2</ProductCount>
        <Products>
          <Product>
            <ProductID>1</ProductID>
            <ProductName>Product 1</ProductName>
            <ProductTypeIndicator>1</ProductTypeIndicator>
            <ProductDataType />
            <ServiceLevel>F</ServiceLevel>
            <ProductCode />
            <ProductShortDescription>Skechers 1</ProductShortDescription>
            <ProductStatementDescriptor />
            <UnitOfMeasure>U</UnitOfMeasure>
            <ProductUnitPrice>26</ProductUnitPrice>
            <ProductShipDate />
            <ProductCommodityCode />
            <ProductCreditDebitIndicator />
            <ProductDiscountFlag>1</ProductDiscountFlag>
            <DiscountPercentage />
            <ProductDiscount>1.00</ProductDiscount>
            <DepartmentID>001</DepartmentID>
            <DepartmentName>Electronic's</DepartmentName>
            <Quantity>1</Quantity>
            <Price>26.00</Price>
            <Tax />
            <ProductTaxRate />
            <ProductTypeFlag />
            <ProductNetGrossIndicator />
            <SubscriptionEvery />
            <SubscriptionEveryPeriod />
            <ProductQuantityDecimal />
            <LineProductTotal />
            <ReservedField1 />
            <ReservedField2 />
            <ShippingAddressId />
          </Product>
          <Product>
            <ProductID>2</ProductID>
            <ProductName>Product 2</ProductName>
            <ProductTypeIndicator>1</ProductTypeIndicator>
            <ProductDataType />
            <ServiceLevel>F</ServiceLevel>
            <ProductCode />
            <ProductShortDescription>Skechers 2</ProductShortDescription>
            <ProductStatementDescriptor />
            <UnitOfMeasure>U</UnitOfMeasure>
            <ProductUnitPrice>5</ProductUnitPrice>
            <ProductShipDate />
            <ProductCommodityCode />
            <ProductCreditDebitIndicator />
            <ProductDiscountFlag>1</ProductDiscountFlag>
            <DiscountPercentage />
            <ProductDiscount>1.00</ProductDiscount>
            <DepartmentID>002</DepartmentID>
            <DepartmentName>Electronic's</DepartmentName>
            <Quantity>1</Quantity>
            <Price>5.00</Price>
            <Tax />
            <ProductTaxRate />
            <ProductTypeFlag />
            <ProductNetGrossIndicator />
            <SubscriptionEvery />
            <SubscriptionEveryPeriod />
            <ProductQuantityDecimal />
            <LineProductTotal />
            <ReservedField1 />
            <ReservedField2 />
            <ShippingAddressId />
          </Product>
        </Products>
      </Ticket>
    </Tickets>
  </TicketProductData>
  <TransTotalDiscountAmt>0.00</TransTotalDiscountAmt>
  <TransTotalQuantity>2</TransTotalQuantity>
  <TransSubTotalAmount />
  <TaxAmount>0.00</TaxAmount>
  <ServicesTotalAmount>0.00</ServicesTotalAmount>
  <TransTotalAmount>31.00</TransTotalAmount>
  <PONumber />
  <LanguageIndicator />
  <CashBackFlag>0</CashBackFlag>
  <TransactionType />
</CCTTicketDisplayRequest>

2024-03-28 13:17:42 INFO  Logger:10 - <?xml version="1.0" encoding="UTF-8"?>
<CCTTicketDisplayResponse>
  <POSID>01</POSID>
  <APPID>04</APPID>
  <CCTID>06</CCTID>
  <ResponseCode>00000</ResponseCode>
  <ResponseText>Approved</ResponseText>
  <SessionId>12345</SessionId>
</CCTTicketDisplayResponse>

2024-03-28 13:17:58 INFO  Logger:9 - <GetCardBINRequest>
  <POSID>01</POSID>
  <APPID>04</APPID>
  <CCTID>06</CCTID>
  <HeaderMessage>Insert or Swipe Card</HeaderMessage>
  <MessageLine1>or Tap</MessageLine1>
  <LookUpFlag>4</LookUpFlag>
  <AllowKeyedEntry>N</AllowKeyedEntry>
  <ADSDKSpecVer>6.13.0</ADSDKSpecVer>
  <CRMToken />
  <SessionId>12345</SessionId>
  <CardType />
  <AllowManualFallback>N</AllowManualFallback>
  <EntrySource />
  <CardNumber />
  <KI />
  <KIType />
  <CashBackFlag />
  <TenderAmount>31.00</TenderAmount>
  <PromptConfirmFlag>1</PromptConfirmFlag>
  <ProcessingMode>0</ProcessingMode>
  <FeedbackFlag>0</FeedbackFlag>
  <CVVFlag>0</CVVFlag>
  <CardDataInfo>
    <CardDataSource>3</CardDataSource>
    <EncryptionMode />
    <TrackData />
    <EMVDetailsData />
    <TokenizedTrackData />
  </CardDataInfo>
  <ECOMMInfo>
    <MerchantIdentifier />
    <StoreId />
    <TerminalId />
    <CVV />
    <CardIdentifier />
  </ECOMMInfo>
  <CustomerInfoValidation>
    <ValidateEmail />
    <ValidatePhoneNum />
    <ValidateZipCode />
    <Reserved1 />
    <Reserved2 />
  </CustomerInfoValidation>
  <LoyaltyPassData>
    <MerchantURL />
  </LoyaltyPassData>
  <ClerkID>111</ClerkID>
  <AdditionalTags>
    <Tags>
      <Tag>
        <Key />
        <Value />
      </Tag>
      <Tag>
        <Key />
        <Value />
      </Tag>
    </Tags>
  </AdditionalTags>
  <TransactionType />
  <LanguageIndicator />
</GetCardBINRequest>

2024-03-28 13:17:58 INFO  Logger:10 - <?xml version="1.0" encoding="UTF-8"?>
<GetCardBINResponse>
  <POSID>01</POSID>
  <APPID>04</APPID>
  <CCTID>06</CCTID>
  <ResponseCode>30001</ResponseCode>
  <ResponseText>Transaction Cancelled - 0007</ResponseText>
  <KI />
  <KIType />
  <CardType>XXC</CardType>
  <CardToken />
  <CardEntryMode />
  <CardDataSource />
  <CardTokenDetailData />
  <CardExpiryDate />
  <CustomerInfoValidationResult>000000</CustomerInfoValidationResult>
  <CustomerIdentifier />
  <SessionId>12345</SessionId>
  <ECOMMInfo />
  <DCCOffered>0</DCCOffered>
  <FleetPromptsFlag />
  <LoyaltyPassData />
  <FallbackIndicator>0</FallbackIndicator>
</GetCardBINResponse>

2024-03-28 13:18:20 INFO  Logger:9 - <CCTTicketDisplayRequest>
  <POSID>01</POSID>
  <APPID>04</APPID>
  <CCTID>06</CCTID>
  <ClerkID>111</ClerkID>
  <DisplayFlag>00</DisplayFlag>
  <AllowCardReader>Y</AllowCardReader>
  <ADSDKSpecVer>6.13.0</ADSDKSpecVer>
  <SessionId>12345</SessionId>
  <HeaderText />
  <FooterText />
  <ButtonText1>Next</ButtonText1>
  <ButtonText2 />
  <ButtonText3 />
  <TicketProductData>
    <TicketCount>1</TicketCount>
    <Tickets>
      <Ticket>
        <TicketNumber>001</TicketNumber>
        <ProductCount>3</ProductCount>
        <Products>
          <Product>
            <ProductID>1</ProductID>
            <ProductName>Product 1</ProductName>
            <ProductTypeIndicator>1</ProductTypeIndicator>
            <ProductDataType />
            <ServiceLevel>F</ServiceLevel>
            <ProductCode />
            <ProductShortDescription>Skechers 1</ProductShortDescription>
            <ProductStatementDescriptor />
            <UnitOfMeasure>U</UnitOfMeasure>
            <ProductUnitPrice>16</ProductUnitPrice>
            <ProductShipDate />
            <ProductCommodityCode />
            <ProductCreditDebitIndicator />
            <ProductDiscountFlag>1</ProductDiscountFlag>
            <DiscountPercentage />
            <ProductDiscount>1.00</ProductDiscount>
            <DepartmentID>001</DepartmentID>
            <DepartmentName>Electronic's</DepartmentName>
            <Quantity>1</Quantity>
            <Price>16.00</Price>
            <Tax />
            <ProductTaxRate />
            <ProductTypeFlag />
            <ProductNetGrossIndicator />
            <SubscriptionEvery />
            <SubscriptionEveryPeriod />
            <ProductQuantityDecimal />
            <LineProductTotal />
            <ReservedField1 />
            <ReservedField2 />
            <ShippingAddressId />
          </Product>
          <Product>
            <ProductID>2</ProductID>
            <ProductName>Product 2</ProductName>
            <ProductTypeIndicator>1</ProductTypeIndicator>
            <ProductDataType />
            <ServiceLevel>F</ServiceLevel>
            <ProductCode />
            <ProductShortDescription>Skechers 2</ProductShortDescription>
            <ProductStatementDescriptor />
            <UnitOfMeasure>U</UnitOfMeasure>
            <ProductUnitPrice>29</ProductUnitPrice>
            <ProductShipDate />
            <ProductCommodityCode />
            <ProductCreditDebitIndicator />
            <ProductDiscountFlag>1</ProductDiscountFlag>
            <DiscountPercentage />
            <ProductDiscount>1.00</ProductDiscount>
            <DepartmentID>002</DepartmentID>
            <DepartmentName>Electronic's</DepartmentName>
            <Quantity>1</Quantity>
            <Price>29.00</Price>
            <Tax />
            <ProductTaxRate />
            <ProductTypeFlag />
            <ProductNetGrossIndicator />
            <SubscriptionEvery />
            <SubscriptionEveryPeriod />
            <ProductQuantityDecimal />
            <LineProductTotal />
            <ReservedField1 />
            <ReservedField2 />
            <ShippingAddressId />
          </Product>
          <Product>
            <ProductID>3</ProductID>
            <ProductName>Product 3</ProductName>
            <ProductTypeIndicator>1</ProductTypeIndicator>
            <ProductDataType />
            <ServiceLevel>F</ServiceLevel>
            <ProductCode />
            <ProductShortDescription>Skechers 3</ProductShortDescription>
            <ProductStatementDescriptor />
            <UnitOfMeasure>U</UnitOfMeasure>
            <ProductUnitPrice>14</ProductUnitPrice>
            <ProductShipDate />
            <ProductCommodityCode />
            <ProductCreditDebitIndicator />
            <ProductDiscountFlag>1</ProductDiscountFlag>
            <DiscountPercentage />
            <ProductDiscount>1.00</ProductDiscount>
            <DepartmentID>003</DepartmentID>
            <DepartmentName>Electronic's</DepartmentName>
            <Quantity>1</Quantity>
            <Price>14.00</Price>
            <Tax />
            <ProductTaxRate />
            <ProductTypeFlag />
            <ProductNetGrossIndicator />
            <SubscriptionEvery />
            <SubscriptionEveryPeriod />
            <ProductQuantityDecimal />
            <LineProductTotal />
            <ReservedField1 />
            <ReservedField2 />
            <ShippingAddressId />
          </Product>
        </Products>
      </Ticket>
    </Tickets>
  </TicketProductData>
  <TransTotalDiscountAmt>0.00</TransTotalDiscountAmt>
  <TransTotalQuantity>3</TransTotalQuantity>
  <TransSubTotalAmount />
  <TaxAmount>0.00</TaxAmount>
  <ServicesTotalAmount>0.00</ServicesTotalAmount>
  <TransTotalAmount>59.00</TransTotalAmount>
  <PONumber />
  <LanguageIndicator />
  <CashBackFlag>0</CashBackFlag>
  <TransactionType />
</CCTTicketDisplayRequest>

2024-03-28 13:18:20 INFO  Logger:10 - <?xml version="1.0" encoding="UTF-8"?>
<CCTTicketDisplayResponse>
  <POSID>01</POSID>
  <APPID>04</APPID>
  <CCTID>06</CCTID>
  <ResponseCode>00000</ResponseCode>
  <ResponseText>Approved</ResponseText>
  <SessionId>12345</SessionId>
</CCTTicketDisplayResponse>

2024-03-28 13:18:32 INFO  Logger:9 - <GetCardBINRequest>
  <POSID>01</POSID>
  <APPID>04</APPID>
  <CCTID>06</CCTID>
  <HeaderMessage>Insert or Swipe Card</HeaderMessage>
  <MessageLine1>or Tap</MessageLine1>
  <LookUpFlag>4</LookUpFlag>
  <AllowKeyedEntry>N</AllowKeyedEntry>
  <ADSDKSpecVer>6.13.0</ADSDKSpecVer>
  <CRMToken />
  <SessionId>12345</SessionId>
  <CardType />
  <AllowManualFallback>N</AllowManualFallback>
  <EntrySource />
  <CardNumber />
  <KI />
  <KIType />
  <CashBackFlag />
  <TenderAmount>59.00</TenderAmount>
  <PromptConfirmFlag>1</PromptConfirmFlag>
  <ProcessingMode>0</ProcessingMode>
  <FeedbackFlag>0</FeedbackFlag>
  <CVVFlag>0</CVVFlag>
  <CardDataInfo>
    <CardDataSource>3</CardDataSource>
    <EncryptionMode />
    <TrackData />
    <EMVDetailsData />
    <TokenizedTrackData />
  </CardDataInfo>
  <ECOMMInfo>
    <MerchantIdentifier />
    <StoreId />
    <TerminalId />
    <CVV />
    <CardIdentifier />
  </ECOMMInfo>
  <CustomerInfoValidation>
    <ValidateEmail />
    <ValidatePhoneNum />
    <ValidateZipCode />
    <Reserved1 />
    <Reserved2 />
  </CustomerInfoValidation>
  <LoyaltyPassData>
    <MerchantURL />
  </LoyaltyPassData>
  <ClerkID>111</ClerkID>
  <AdditionalTags>
    <Tags>
      <Tag>
        <Key />
        <Value />
      </Tag>
      <Tag>
        <Key />
        <Value />
      </Tag>
    </Tags>
  </AdditionalTags>
  <TransactionType>01</TransactionType>
  <LanguageIndicator />
</GetCardBINRequest>

2024-03-28 13:18:32 INFO  Logger:10 - <?xml version="1.0" encoding="UTF-8"?>
<GetCardBINResponse>
  <POSID>01</POSID>
  <APPID>04</APPID>
  <CCTID>06</CCTID>
  <ResponseCode>00000</ResponseCode>
  <ResponseText>APPROVAL</ResponseText>
  <KI />
  <KIType />
  <CardType>MCC</CardType>
  <CardToken>5413331100064111</CardToken>
  <CardEntryMode>I</CardEntryMode>
  <CardDataSource />
  <CardTokenDetailData />
  <FirstName>Test Card 06</FirstName>
  <LastName>UAT USA</LastName>
  <CardExpiryDate>1225</CardExpiryDate>
  <CustomerInfoValidationResult>000000</CustomerInfoValidationResult>
  <CustomerIdentifier />
  <Level3Capable>N</Level3Capable>
  <SessionId>12345</SessionId>
  <ECOMMInfo />
  <DCCOffered>0</DCCOffered>
  <FleetPromptsFlag />
  <LoyaltyPassData />
  <FallbackIndicator>0</FallbackIndicator>
</GetCardBINResponse>

2024-03-28 13:18:53 INFO  Logger:9 - <TransRequest>
  <POSID>01</POSID>
  <APPID>04</APPID>
  <CCTID>06</CCTID>
  <LaneNo />
  <POSType>1</POSType>
  <KI />
  <KIType />
  <DeviceId />
  <ADSDKSpecVer>6.13.0</ADSDKSpecVer>
  <SessionId>12345</SessionId>
  <CardToken>5413331100064111</CardToken>
  <ProcessorToken />
  <CardExpiryDate />
  <DCCOffered>0</DCCOffered>
  <CustomerIdentifier />
  <CardPresent>Y</CardPresent>
  <PurchaserPresent>Y</PurchaserPresent>
  <EntrySource />
  <KeyedEntryAVSFlag>N</KeyedEntryAVSFlag>
  <KeyedEntryReasonCode />
  <GiftPurchaseAuthIndicator>N</GiftPurchaseAuthIndicator>
  <EcommerceIndicator>N</EcommerceIndicator>
  <CashBackFlag>0</CashBackFlag>
  <CVBFlag />
  <ProcessingMode>0</ProcessingMode>
  <CardType />
  <SubCardType />
  <FeedbackFlag>0</FeedbackFlag>
  <CVVFlag>0</CVVFlag>
  <CardDataInfo>
    <CardDataSource>3</CardDataSource>
    <EncryptionMode />
    <TrackData />
    <EMVDetailsData />
    <CVVData />
    <PINBlock>204F5B28BA4B479D</PINBlock>
    <KSNBlock>00000E00BAE00AD8</KSNBlock>
  </CardDataInfo>
  <TransAmountDetails>
    <ServicesTotalAmount>0.00</ServicesTotalAmount>
    <ProductTotalAmount>0.00</ProductTotalAmount>
    <TaxAmount>0.00</TaxAmount>
    <Discount>0.00</Discount>
    <EBTAmount>0.00</EBTAmount>
    <FSAAmount />
    <DutyTotalAmount />
    <DonationAmount>0.00</DonationAmount>
    <FreightTotalAmount />
    <AlternateTaxAmount />
    <TipAmount>0.00</TipAmount>
    <CashBackAmount />
    <CashBackFees />
    <TenderAmount>59.00</TenderAmount>
    <TransactionTotal>59.00~59.00</TransactionTotal>
    <ConvenienceFees />
  </TransAmountDetails>
  <GiftCardList>
    <GiftCard>
      <GiftCardNumber />
      <GiftTrack2Data />
      <Amount />
      <CardActivationDate />
      <CardExpirationDate />
    </GiftCard>
  </GiftCardList>
  <ECOMMInfo>
    <MerchantIdentifier />
    <StoreId />
    <TerminalId />
    <CVV />
    <OneOrderToken />
    <OneTimeToken />
    <CardIdentifier />
    <CardExpiryDate />
    <DomainId>1</DomainId>
    <TemplateId>1</TemplateId>
    <URLType>1</URLType>
    <SourcePostBackUrl />
  </ECOMMInfo>
  <CardNumber />
  <TransactionType>01</TransactionType>
  <InvoiceNumber />
  <ReceiptNumber />
  <ReferenceNumber />
  <PONumber />
  <PODate />
  <CRMToken />
  <TaxExemptFlag>N</TaxExemptFlag>
  <POSIP>10.180.10.227</POSIP>
  <POSClientName>GKILLARE-WIN87</POSClientName>
  <POSVersion />
  <CustomerCode />
  <CustomerFirstName>John</CustomerFirstName>
  <CustomerLastName>Mathew</CustomerLastName>
  <CustomerType />
  <CustomerEmail />
  <CustomerPhoneNumber />
  <WalletIdentifier />
  <AlternatePaymentData />
  <DLIntellicheckFlag />
  <LanguageIndicator />
  <ProgramId />
  <StoreCardFlag>0</StoreCardFlag>
  <PostAuthSequenceNo>01</PostAuthSequenceNo>
  <PostAuthCount>01</PostAuthCount>
  <MerchantCategoryCode />
  <SSNFlag />
  <SSN />
  <BillingAddress>
    <BillingFirstName />
    <BillingMiddleName />
    <BillingLastName />
    <BillingAddressLine1 />
    <BillingAddressLine2 />
    <BillingAddressLine3 />
    <BillingZip />
    <BillingCity />
    <BillingState />
    <BillingProvince />
    <BillingCountry />
    <BillingMobileNumber />
    <BillingOtherNumber />
    <BillingEmailId />
  </BillingAddress>
  <ShippingAddress>
    <ShippingFirstName />
    <ShippingMiddleName />
    <ShippingLastName />
    <ShippingAddressLine1 />
    <ShippingAddressLine2 />
    <ShippingAddressLine3 />
    <ShippingZip />
    <ShippingCity />
    <ShippingState />
    <ShippingProvince />
    <ShippingCountry />
    <ShippingMobileNumber />
    <ShippingOtherNumber />
    <ShippingEmailId />
  </ShippingAddress>
  <ShippingInfo>
    <ShippingAddresses />
  </ShippingInfo>
  <CheckInfo>
    <DriverLicenseEntryMode />
    <DriverLicenseData />
    <DriverLicenseState />
    <CheckEntryMode />
    <FullMICR />
    <RoutingNumber />
    <AccountNumber />
    <CheckNumber />
    <CheckType />
    <ConsumerDOB />
    <OtherIDEntryMode />
    <OtherIDType />
    <OtherIDData />
    <OtherIDState />
    <StateName />
  </CheckInfo>
  <FraudScoreInfo>
    <ShippingMethod />
    <ShippingCompany />
    <EGCMessage />
    <EGCEmail />
    <DeviceFingerPrintId />
    <LoggedInState />
    <PickupStore />
    <PickupState />
  </FraudScoreInfo>
  <RentalInfo>
    <RenterName />
    <RentalAgreementNo />
    <RentalDate />
    <RentalTime />
    <RentalDuration />
    <RentalCity />
    <RentalState />
    <RentalCountry />
    <RentalExtraCharge />
    <RentalClassID />
    <RentalTaxIndicator />
    <ReturnDate />
    <ReturnTime />
    <ReturnCity />
    <ReturnState />
    <ReturnCountry />
    <AmountExtraCharge />
    <DelayChargeIndicator />
  </RentalInfo>
  <PreSaleDate />
  <PreApprovalRefNumber />
  <GiftCardType />
  <GiftCardTypePassCode />
  <AurusPayTicketNum />
  <OrigAurusPayTicketNum />
  <OrigTransactionIdentifier />
  <DCCTransParentId />
  <ApprovalCode />
  <VoucherNumber />
  <IVRAuthNumber />
  <SubTransType />
  <ShowResponse>1</ShowResponse>
  <ReferralNum />
  <EqualPayPlanNum />
  <CurrencyCode>840</CurrencyCode>
  <ClerkID>111</ClerkID>
  <TransactionDate>03282024</TransactionDate>
  <TransactionTime>131832</TransactionTime>
  <TipEligible>0</TipEligible>
  <AmountNoBar>0</AmountNoBar>
  <BatchNumber />
  <AllowknukleBuster>0</AllowknukleBuster>
  <TicketProductData>
    <TicketCount>1</TicketCount>
    <Tickets>
      <Ticket>
        <TicketNumber>1234567</TicketNumber>
        <ProductCount>1</ProductCount>
        <Products>
          <Product>
            <ProductID>1</ProductID>
            <ProductName>Product 1</ProductName>
            <ProductShortDescription>ProductShortDec1</ProductShortDescription>
            <ProductStatementDescriptor />
            <DepartmentID>001</DepartmentID>
            <DepartmentName>Electronic's</DepartmentName>
            <Quantity>2</Quantity>
            <Price>5.00</Price>
            <Tax />
            <ProductTypeFlag />
          </Product>
        </Products>
      </Ticket>
    </Tickets>
  </TicketProductData>
  <UPCDetails>
    <UPCCount>1</UPCCount>
    <UPCItems>
      <UPCItem>
        <UPCIndicator>1</UPCIndicator>
        <UPCPLUData>000</UPCPLUData>
        <UPCItemPrice>1</UPCItemPrice>
        <UPCQuantity>10</UPCQuantity>
        <UnitofMeasure>C</UnitofMeasure>
      </UPCItem>
    </UPCItems>
  </UPCDetails>
  <FleetData>
    <FleetProductCount>1</FleetProductCount>
    <FleetProducts>
      <FleetProduct>
        <FleetProductSeqNo>001</FleetProductSeqNo>
        <FleetProductDataType>102</FleetProductDataType>
        <FleetServiceLevel>S</FleetServiceLevel>
        <FleetNACSCode>001</FleetNACSCode>
        <FleetProductName>product 1</FleetProductName>
        <FleetUnitOfMeasure>O</FleetUnitOfMeasure>
        <FleetProductQuantity>1</FleetProductQuantity>
        <FleetProductUnitPrice>5</FleetProductUnitPrice>
        <FleetProductTotalAmount>5</FleetProductTotalAmount>
      </FleetProduct>
    </FleetProducts>
  </FleetData>
  <Level3ProductsData>
    <Level3ProductCount>1</Level3ProductCount>
    <Level3ProductChunkIndicator>0</Level3ProductChunkIndicator>
    <Level3Products>
      <Level3Product>
        <L3ProductSeqNo>001</L3ProductSeqNo>
        <L3ProductCode>Product Code</L3ProductCode>
        <L3ProductName>Product1</L3ProductName>
        <L3ProductDescription />
        <L3ProductQuantity>2</L3ProductQuantity>
        <L3UnitOfMeasure>O</L3UnitOfMeasure>
        <L3ProductUnitPrice>3</L3ProductUnitPrice>
        <L3ProductDiscount>1</L3ProductDiscount>
        <L3ProductTax>1.11</L3ProductTax>
        <L3ProductTaxRate />
        <L3FreightAmount />
        <L3MonogramAmount />
        <L3TarriffAmount />
        <L3OtherAmount />
        <L3GiftWrapAmount />
        <L3DepartmentID />
        <L3ClassID />
        <L3OrderRefNumber />
        <L3ProductTotalAmount>12</L3ProductTotalAmount>
      </Level3Product>
    </Level3Products>
  </Level3ProductsData>
  <EPPDetailsInfo>
    <STAN />
    <LifecycleID />
    <POSCapability />
    <ConditionCode />
    <AmountDue />
    <TermsVersion />
    <ProductIdentificationData />
    <ProductCount />
    <EPPDetails>
      <EPPProductData>
        <DatasetVersion />
        <ItemCode />
        <Quantity />
        <SignIndicator />
        <Price />
        <MBASDiscountQuantity />
        <MBASDiscountAmount />
        <EligibilityFlag />
        <RedemptionReqAmount />
        <ManufacturerDiscountAmount />
        <ManufacturerDiscountType />
        <AdjustmentPrice />
        <ItemReferenceNumber />
        <PurseID />
        <MBASStoreDiscountQuantity />
        <MBASStoreDiscountAmount />
        <StoreDiscountAmount />
        <StoreDiscountType />
        <MBASEligibilityFlags />
      </EPPProductData>
    </EPPDetails>
  </EPPDetailsInfo>
  <TenderTypeRestrictions />
  <SignatureFlag>N</SignatureFlag>
  <IsTokenizedTransaction>0</IsTokenizedTransaction>
  <FleetPromptCode />
  <AllowZipPrompt>0</AllowZipPrompt>
  <PartialAllowed>1</PartialAllowed>
  <PrintOnlyMode>N</PrintOnlyMode>
  <POSEnvironmentIndicator />
  <ThirdPartyID />
  <ThirdPartyURL />
  <SettlementInfo>
    <PromotionCode />
    <CreditPlan />
    <MerchantTransactionCode />
    <TransactionDescription />
    <InCircleAmount />
    <SalesCheckNumber />
  </SettlementInfo>
  <PLCCPaymentMethod />
  <AdditionalTags>
    <Tags>
      <Tag>
        <Key />
        <Value />
      </Tag>
      <Tag>
        <Key />
        <Value />
      </Tag>
    </Tags>
  </AdditionalTags>
  <Reserved1 />
  <Reserved2 />
  <ECOMMFingerPrintInfo>
    <IPAddress />
    <DeviceOS />
    <DeviceType />
    <BrowserDetails />
    <DeviceScreenResolution />
    <ReferralURL />
    <CountryCode>840</CountryCode>
    <StateName />
    <City />
    <BrowserLanguage>en-us English</BrowserLanguage>
    <WebsiteSessionID />
    <NetworkType />
    <NetworkSubType />
    <NetworkDownloadSpeed />
    <NetworkMaxDownloadSpeed />
  </ECOMMFingerPrintInfo>
  <InputIdentifier />
  <InputIdData />
  <OutputDataMatrix />
  <LoyaltyLookupFlag />
  <CorpID />
  <SubWalletIdentifier />
  <CardTypeSupport />
  <ClerkName />
</TransRequest>

2024-03-28 13:18:53 INFO  Logger:10 - <?xml version="1.0" encoding="UTF-8"?>
<TransResponse>
  <POSID>01</POSID>
  <APPID>04</APPID>
  <CCTID>06</CCTID>
  <TransDetailsData>
    <TransDetailData>
      <CardNumber>541333XXXXXX4111</CardNumber>
      <CardType>MCC</CardType>
      <TransactionTypeCode>1</TransactionTypeCode>
      <CardEntryMode>I</CardEntryMode>
      <KI />
      <KIType />
      <TransactionAmount>59.00</TransactionAmount>
      <TipAmount>0.00</TipAmount>
      <TransactionIdentifier>191240881372427344</TransactionIdentifier>
      <ResponseCode>00000</ResponseCode>
      <ResponseText>APPROVAL</ResponseText>
      <ApprovalCode>001886</ApprovalCode>
      <BalanceAmount>0.00</BalanceAmount>
      <AuthAVSResult />
      <TransactionSequenceNumber>000004</TransactionSequenceNumber>
      <CardExpiryDate>1225</CardExpiryDate>
      <CustomerName>Test Card 06       UAT USA</CustomerName>
      <CustomerTokenNumber>0023391247034111</CustomerTokenNumber>
      <SignatureReceiptFlag>1</SignatureReceiptFlag>
      <PartialApprovedFlag>N</PartialApprovedFlag>
      <EMVFlag>1</EMVFlag>
      <EMVData>[FS]MerchantID~313306264885[FS]TerminalID~[FS]ARC~00[FS]ISO~00[FS]AID~A0000000041010[FS]TVR~8000008000[FS]TSI~6800[FS]IAD~0110A00003220000000000000000000000FF[FS]App Pref Name~Mastercard[FS]App Label~MASTERCARD[FS]RespDate~03282024[FS]RespTime~034844</EMVData>
      <AdditionalReceiptInfo>
        <Line>AMOUNT:59.00</Line>
        <Line>CARD:MASTERCARD CREDIT XXXX4111 EMV</Line>
        <Line>APPROVAL CODE:001886</Line>
        <Line>AID:A0000000041010</Line>
        <Line>TVR:8000008000</Line>
        <Line>IAD:0110A00003220000000000000000000000FF</Line>
        <Line>TSI:6800</Line>
        <Line>ARC:00</Line>
        <Line>APPLICATION CRYPTOGRAM:306EC292F66BB100</Line>
        <Line>APPLICATION PREFERRED NAME:Mastercard</Line>
        <Line>APPLICATION LABEL:MASTERCARD</Line>
      </AdditionalReceiptInfo>
      <VoidData />
      <LoyaltyInfo>
        <Usepoints />
        <BalancePoint />
        <Expiry />
        <LoyaltyLevel />
      </LoyaltyInfo>
      <ReferralNUM />
      <ReferralDialInformation />
      <OpenToPayCash />
      <OpenToBuy />
      <LastPaymentDate />
      <LastPaymentAmount />
      <ProcessorResponseCode>000</ProcessorResponseCode>
      <GiftCardTypePassCode />
      <ProcessorMerchantId />
      <ForcedComplianceCode />
      <CardIdentifier />
      <TransactionToken />
      <ReceiptToken>5413331100064111</ReceiptToken>
      <CorpCardToken />
      <EcomToken />
      <EcomResponseCode />
      <EcomResponseText />
      <CRMToken>0023391247034111</CRMToken>
      <ProcessorToken>0023391247034111</ProcessorToken>
      <FraudScoreInfo>
        <RequestToken />
      </FraudScoreInfo>
      <ECOMMInfo>
        <OneOrderToken />
        <CVVResult>0</CVVResult>
      </ECOMMInfo>
      <DCCDetails>
        <DCCOffered>0</DCCOffered>
      </DCCDetails>
      <CashbackAmount>0.00</CashbackAmount>
      <LanguageIndicator>00</LanguageIndicator>
      <TotalApprovedAmount>59.00</TotalApprovedAmount>
      <FallbackIndicator>0</FallbackIndicator>
      <EMVDataInTLVFormat>AID%7EA0000000041010%1ETVR%7E8000008000%1EIAD%7E0110A00003220000000000000000000000FF%1ETSI%7E6800%1EARC%7E3030</EMVDataInTLVFormat>
      <PromotionCode />
      <CardClass />
      <BillingAddress />
      <EPPDetailsInfo />
      <Reserved1 />
      <Reserved2 />
      <CheckInfo />
      <ReceiptDetails>
        <ReceiptData>
          <LanguageIndicator>00</LanguageIndicator>
          <ReceiptInfo>
            <Line>AMOUNT:59.00</Line>
            <Line>CARD:MASTERCARD CREDIT XXXX4111 EMV</Line>
            <Line>APPROVAL CODE:001886</Line>
            <Line>AID:A0000000041010</Line>
            <Line>TVR:8000008000</Line>
            <Line>IAD:0110A00003220000000000000000000000FF</Line>
            <Line>TSI:6800</Line>
            <Line>ARC:00</Line>
            <Line>APPLICATION CRYPTOGRAM:306EC292F66BB100</Line>
            <Line>APPLICATION PREFERRED NAME:Mastercard</Line>
            <Line>APPLICATION LABEL:MASTERCARD</Line>
          </ReceiptInfo>
        </ReceiptData>
      </ReceiptDetails>
    </TransDetailData>
  </TransDetailsData>
  <BatchNumber>088001</BatchNumber>
  <AurusPayTicketNum>124088137242730212</AurusPayTicketNum>
  <AdditionalTags>
    <Tags>
      <Tag>
        <Key />
        <Value />
      </Tag>
      <Tag>
        <Key />
        <Value />
      </Tag>
    </Tags>
  </AdditionalTags>
  <SessionId>12345</SessionId>
</TransResponse>

2024-03-28 13:19:09 INFO  Logger:9 - <TransRequest>
  <POSID>01</POSID>
  <APPID>04</APPID>
  <CCTID>06</CCTID>
  <LaneNo />
  <POSType>1</POSType>
  <KI />
  <KIType />
  <DeviceId />
  <ADSDKSpecVer>6.13.0</ADSDKSpecVer>
  <SessionId>12345</SessionId>
  <CardToken />
  <ProcessorToken />
  <CardExpiryDate />
  <DCCOffered>0</DCCOffered>
  <CustomerIdentifier />
  <CardPresent>Y</CardPresent>
  <PurchaserPresent>Y</PurchaserPresent>
  <EntrySource />
  <KeyedEntryAVSFlag>N</KeyedEntryAVSFlag>
  <KeyedEntryReasonCode />
  <GiftPurchaseAuthIndicator>N</GiftPurchaseAuthIndicator>
  <EcommerceIndicator>N</EcommerceIndicator>
  <CashBackFlag>0</CashBackFlag>
  <CVBFlag />
  <ProcessingMode>0</ProcessingMode>
  <CardType />
  <SubCardType />
  <FeedbackFlag>0</FeedbackFlag>
  <CVVFlag>0</CVVFlag>
  <CardDataInfo>
    <CardDataSource>3</CardDataSource>
    <EncryptionMode />
    <TrackData />
    <EMVDetailsData />
    <CVVData />
    <PINBlock>204F5B28BA4B479D</PINBlock>
    <KSNBlock>00000E00BAE00AD8</KSNBlock>
  </CardDataInfo>
  <TransAmountDetails>
    <ServicesTotalAmount>0.00</ServicesTotalAmount>
    <ProductTotalAmount>0.00</ProductTotalAmount>
    <TaxAmount>0.00</TaxAmount>
    <Discount>0.00</Discount>
    <EBTAmount>0.00</EBTAmount>
    <FSAAmount />
    <DutyTotalAmount />
    <DonationAmount>0.00</DonationAmount>
    <FreightTotalAmount />
    <AlternateTaxAmount />
    <TipAmount>0.00</TipAmount>
    <CashBackAmount />
    <CashBackFees />
    <TenderAmount>59.00</TenderAmount>
    <TransactionTotal>59.00~59.00</TransactionTotal>
    <ConvenienceFees />
  </TransAmountDetails>
  <GiftCardList>
    <GiftCard>
      <GiftCardNumber />
      <GiftTrack2Data />
      <Amount />
      <CardActivationDate />
      <CardExpirationDate />
    </GiftCard>
  </GiftCardList>
  <ECOMMInfo>
    <MerchantIdentifier />
    <StoreId />
    <TerminalId />
    <CVV />
    <OneOrderToken />
    <OneTimeToken />
    <CardIdentifier />
    <CardExpiryDate />
    <DomainId>1</DomainId>
    <TemplateId>1</TemplateId>
    <URLType>1</URLType>
    <SourcePostBackUrl />
  </ECOMMInfo>
  <CardNumber />
  <TransactionType>02</TransactionType>
  <InvoiceNumber />
  <ReceiptNumber />
  <ReferenceNumber />
  <PONumber />
  <PODate />
  <CRMToken />
  <TaxExemptFlag>N</TaxExemptFlag>
  <POSIP>10.180.10.227</POSIP>
  <POSClientName>GKILLARE-WIN87</POSClientName>
  <POSVersion />
  <CustomerCode />
  <CustomerFirstName>John</CustomerFirstName>
  <CustomerLastName>Mathew</CustomerLastName>
  <CustomerType />
  <CustomerEmail />
  <CustomerPhoneNumber />
  <WalletIdentifier />
  <AlternatePaymentData />
  <DLIntellicheckFlag />
  <LanguageIndicator />
  <ProgramId />
  <StoreCardFlag>0</StoreCardFlag>
  <PostAuthSequenceNo>01</PostAuthSequenceNo>
  <PostAuthCount>01</PostAuthCount>
  <MerchantCategoryCode />
  <SSNFlag />
  <SSN />
  <BillingAddress>
    <BillingFirstName />
    <BillingMiddleName />
    <BillingLastName />
    <BillingAddressLine1 />
    <BillingAddressLine2 />
    <BillingAddressLine3 />
    <BillingZip />
    <BillingCity />
    <BillingState />
    <BillingProvince />
    <BillingCountry />
    <BillingMobileNumber />
    <BillingOtherNumber />
    <BillingEmailId />
  </BillingAddress>
  <ShippingAddress>
    <ShippingFirstName />
    <ShippingMiddleName />
    <ShippingLastName />
    <ShippingAddressLine1 />
    <ShippingAddressLine2 />
    <ShippingAddressLine3 />
    <ShippingZip />
    <ShippingCity />
    <ShippingState />
    <ShippingProvince />
    <ShippingCountry />
    <ShippingMobileNumber />
    <ShippingOtherNumber />
    <ShippingEmailId />
  </ShippingAddress>
  <ShippingInfo>
    <ShippingAddresses />
  </ShippingInfo>
  <CheckInfo>
    <DriverLicenseEntryMode />
    <DriverLicenseData />
    <DriverLicenseState />
    <CheckEntryMode />
    <FullMICR />
    <RoutingNumber />
    <AccountNumber />
    <CheckNumber />
    <CheckType />
    <ConsumerDOB />
    <OtherIDEntryMode />
    <OtherIDType />
    <OtherIDData />
    <OtherIDState />
    <StateName />
  </CheckInfo>
  <FraudScoreInfo>
    <ShippingMethod />
    <ShippingCompany />
    <EGCMessage />
    <EGCEmail />
    <DeviceFingerPrintId />
    <LoggedInState />
    <PickupStore />
    <PickupState />
  </FraudScoreInfo>
  <RentalInfo>
    <RenterName />
    <RentalAgreementNo />
    <RentalDate />
    <RentalTime />
    <RentalDuration />
    <RentalCity />
    <RentalState />
    <RentalCountry />
    <RentalExtraCharge />
    <RentalClassID />
    <RentalTaxIndicator />
    <ReturnDate />
    <ReturnTime />
    <ReturnCity />
    <ReturnState />
    <ReturnCountry />
    <AmountExtraCharge />
    <DelayChargeIndicator />
  </RentalInfo>
  <PreSaleDate />
  <PreApprovalRefNumber />
  <GiftCardType />
  <GiftCardTypePassCode />
  <AurusPayTicketNum />
  <OrigAurusPayTicketNum>124088137242730212</OrigAurusPayTicketNum>
  <OrigTransactionIdentifier>191240881372427344</OrigTransactionIdentifier>
  <DCCTransParentId />
  <ApprovalCode />
  <VoucherNumber />
  <IVRAuthNumber />
  <SubTransType />
  <ShowResponse>1</ShowResponse>
  <ReferralNum />
  <EqualPayPlanNum />
  <CurrencyCode>840</CurrencyCode>
  <ClerkID>111</ClerkID>
  <TransactionDate>03282024</TransactionDate>
  <TransactionTime>131853</TransactionTime>
  <TipEligible>0</TipEligible>
  <AmountNoBar>0</AmountNoBar>
  <BatchNumber />
  <AllowknukleBuster>0</AllowknukleBuster>
  <TicketProductData>
    <TicketCount>1</TicketCount>
    <Tickets>
      <Ticket>
        <TicketNumber>1234567</TicketNumber>
        <ProductCount>1</ProductCount>
        <Products>
          <Product>
            <ProductID>1</ProductID>
            <ProductName>Product 1</ProductName>
            <ProductShortDescription>ProductShortDec1</ProductShortDescription>
            <ProductStatementDescriptor />
            <DepartmentID>001</DepartmentID>
            <DepartmentName>Electronic's</DepartmentName>
            <Quantity>2</Quantity>
            <Price>5.00</Price>
            <Tax />
            <ProductTypeFlag />
          </Product>
        </Products>
      </Ticket>
    </Tickets>
  </TicketProductData>
  <UPCDetails>
    <UPCCount>1</UPCCount>
    <UPCItems>
      <UPCItem>
        <UPCIndicator>1</UPCIndicator>
        <UPCPLUData>000</UPCPLUData>
        <UPCItemPrice>1</UPCItemPrice>
        <UPCQuantity>10</UPCQuantity>
        <UnitofMeasure>C</UnitofMeasure>
      </UPCItem>
    </UPCItems>
  </UPCDetails>
  <FleetData>
    <FleetProductCount>1</FleetProductCount>
    <FleetProducts>
      <FleetProduct>
        <FleetProductSeqNo>001</FleetProductSeqNo>
        <FleetProductDataType>102</FleetProductDataType>
        <FleetServiceLevel>S</FleetServiceLevel>
        <FleetNACSCode>001</FleetNACSCode>
        <FleetProductName>product 1</FleetProductName>
        <FleetUnitOfMeasure>O</FleetUnitOfMeasure>
        <FleetProductQuantity>1</FleetProductQuantity>
        <FleetProductUnitPrice>5</FleetProductUnitPrice>
        <FleetProductTotalAmount>5</FleetProductTotalAmount>
      </FleetProduct>
    </FleetProducts>
  </FleetData>
  <Level3ProductsData>
    <Level3ProductCount>1</Level3ProductCount>
    <Level3ProductChunkIndicator>0</Level3ProductChunkIndicator>
    <Level3Products>
      <Level3Product>
        <L3ProductSeqNo>001</L3ProductSeqNo>
        <L3ProductCode>Product Code</L3ProductCode>
        <L3ProductName>Product1</L3ProductName>
        <L3ProductDescription />
        <L3ProductQuantity>2</L3ProductQuantity>
        <L3UnitOfMeasure>O</L3UnitOfMeasure>
        <L3ProductUnitPrice>3</L3ProductUnitPrice>
        <L3ProductDiscount>1</L3ProductDiscount>
        <L3ProductTax>1.11</L3ProductTax>
        <L3ProductTaxRate />
        <L3FreightAmount />
        <L3MonogramAmount />
        <L3TarriffAmount />
        <L3OtherAmount />
        <L3GiftWrapAmount />
        <L3DepartmentID />
        <L3ClassID />
        <L3OrderRefNumber />
        <L3ProductTotalAmount>12</L3ProductTotalAmount>
      </Level3Product>
    </Level3Products>
  </Level3ProductsData>
  <EPPDetailsInfo>
    <STAN />
    <LifecycleID />
    <POSCapability />
    <ConditionCode />
    <AmountDue />
    <TermsVersion />
    <ProductIdentificationData />
    <ProductCount />
    <EPPDetails>
      <EPPProductData>
        <DatasetVersion />
        <ItemCode />
        <Quantity />
        <SignIndicator />
        <Price />
        <MBASDiscountQuantity />
        <MBASDiscountAmount />
        <EligibilityFlag />
        <RedemptionReqAmount />
        <ManufacturerDiscountAmount />
        <ManufacturerDiscountType />
        <AdjustmentPrice />
        <ItemReferenceNumber />
        <PurseID />
        <MBASStoreDiscountQuantity />
        <MBASStoreDiscountAmount />
        <StoreDiscountAmount />
        <StoreDiscountType />
        <MBASEligibilityFlags />
      </EPPProductData>
    </EPPDetails>
  </EPPDetailsInfo>
  <TenderTypeRestrictions />
  <SignatureFlag>N</SignatureFlag>
  <IsTokenizedTransaction>0</IsTokenizedTransaction>
  <FleetPromptCode />
  <AllowZipPrompt>0</AllowZipPrompt>
  <PartialAllowed>1</PartialAllowed>
  <PrintOnlyMode>N</PrintOnlyMode>
  <POSEnvironmentIndicator />
  <ThirdPartyID />
  <ThirdPartyURL />
  <SettlementInfo>
    <PromotionCode />
    <CreditPlan />
    <MerchantTransactionCode />
    <TransactionDescription />
    <InCircleAmount />
    <SalesCheckNumber />
  </SettlementInfo>
  <PLCCPaymentMethod />
  <AdditionalTags>
    <Tags>
      <Tag>
        <Key />
        <Value />
      </Tag>
      <Tag>
        <Key />
        <Value />
      </Tag>
    </Tags>
  </AdditionalTags>
  <Reserved1 />
  <Reserved2 />
  <ECOMMFingerPrintInfo>
    <IPAddress />
    <DeviceOS />
    <DeviceType />
    <BrowserDetails />
    <DeviceScreenResolution />
    <ReferralURL />
    <CountryCode>840</CountryCode>
    <StateName />
    <City />
    <BrowserLanguage>en-us English</BrowserLanguage>
    <WebsiteSessionID />
    <NetworkType />
    <NetworkSubType />
    <NetworkDownloadSpeed />
    <NetworkMaxDownloadSpeed />
  </ECOMMFingerPrintInfo>
  <InputIdentifier />
  <InputIdData />
  <OutputDataMatrix />
  <LoyaltyLookupFlag />
  <CorpID />
  <SubWalletIdentifier />
  <CardTypeSupport />
  <ClerkName />
</TransRequest>

2024-03-28 13:19:09 INFO  Logger:10 - <?xml version="1.0" encoding="UTF-8"?>
<TransResponse>
  <POSID>01</POSID>
  <APPID>04</APPID>
  <CCTID>06</CCTID>
  <TransDetailsData>
    <TransDetailData>
      <CardNumber>541333XXXXXX4111</CardNumber>
      <CardType>MCC</CardType>
      <TransactionTypeCode>2</TransactionTypeCode>
      <CardEntryMode>K</CardEntryMode>
      <KI />
      <KIType />
      <TransactionAmount>59.00</TransactionAmount>
      <TipAmount>0.00</TipAmount>
      <TransactionIdentifier>194240881374149966</TransactionIdentifier>
      <ResponseCode>00000</ResponseCode>
      <ResponseText>APPROVAL</ResponseText>
      <ApprovalCode>000000</ApprovalCode>
      <BalanceAmount>0.00</BalanceAmount>
      <AuthAVSResult />
      <TransactionSequenceNumber>000002</TransactionSequenceNumber>
      <CardExpiryDate />
      <CustomerName />
      <CustomerTokenNumber>0023391247034111</CustomerTokenNumber>
      <SignatureReceiptFlag>1</SignatureReceiptFlag>
      <PartialApprovedFlag>N</PartialApprovedFlag>
      <EMVFlag>0</EMVFlag>
      <EMVData />
      <AdditionalReceiptInfo>
        <Line>AMOUNT:59.00</Line>
        <Line>CARD:MASTERCARD CREDIT XXXX4111 KEYED</Line>
        <Line>APPROVAL CODE:000000</Line>
      </AdditionalReceiptInfo>
      <VoidData />
      <LoyaltyInfo>
        <Usepoints />
        <BalancePoint />
        <Expiry />
        <LoyaltyLevel />
      </LoyaltyInfo>
      <ReferralNUM />
      <ReferralDialInformation />
      <OpenToPayCash />
      <OpenToBuy />
      <LastPaymentDate />
      <LastPaymentAmount />
      <ProcessorResponseCode>000</ProcessorResponseCode>
      <GiftCardTypePassCode />
      <ProcessorMerchantId />
      <ForcedComplianceCode />
      <CardIdentifier />
      <TransactionToken />
      <ReceiptToken>5413331100064111</ReceiptToken>
      <CorpCardToken />
      <EcomToken />
      <EcomResponseCode />
      <EcomResponseText />
      <CRMToken>0023391247034111</CRMToken>
      <ProcessorToken>0023391247034111</ProcessorToken>
      <FraudScoreInfo>
        <RequestToken />
      </FraudScoreInfo>
      <ECOMMInfo>
        <OneOrderToken />
        <CVVResult>0</CVVResult>
      </ECOMMInfo>
      <DCCDetails>
        <DCCOffered>0</DCCOffered>
      </DCCDetails>
      <CashbackAmount>0.00</CashbackAmount>
      <LanguageIndicator>00</LanguageIndicator>
      <TotalApprovedAmount>59.00</TotalApprovedAmount>
      <FallbackIndicator>0</FallbackIndicator>
      <PromotionCode />
      <CardClass />
      <BillingAddress />
      <EPPDetailsInfo />
      <Reserved1 />
      <Reserved2 />
      <CheckInfo />
      <ReceiptDetails>
        <ReceiptData>
          <LanguageIndicator>00</LanguageIndicator>
          <ReceiptInfo>
            <Line>AMOUNT:59.00</Line>
            <Line>CARD:MASTERCARD CREDIT XXXX4111 KEYED</Line>
            <Line>APPROVAL CODE:000000</Line>
          </ReceiptInfo>
        </ReceiptData>
      </ReceiptDetails>
    </TransDetailData>
  </TransDetailsData>
  <BatchNumber>088001</BatchNumber>
  <AurusPayTicketNum>424088137414990071</AurusPayTicketNum>
  <AdditionalTags>
    <Tags>
      <Tag>
        <Key />
        <Value />
      </Tag>
      <Tag>
        <Key />
        <Value />
      </Tag>
    </Tags>
  </AdditionalTags>
  <SessionId>12345</SessionId>
</TransResponse>

2024-03-28 13:22:23 INFO  Logger:9 - <CCTTicketDisplayRequest>
  <POSID>01</POSID>
  <APPID>04</APPID>
  <CCTID>06</CCTID>
  <ClerkID>111</ClerkID>
  <DisplayFlag>00</DisplayFlag>
  <AllowCardReader>Y</AllowCardReader>
  <ADSDKSpecVer>6.13.0</ADSDKSpecVer>
  <SessionId>12345</SessionId>
  <HeaderText />
  <FooterText />
  <ButtonText1>Next</ButtonText1>
  <ButtonText2 />
  <ButtonText3 />
  <TicketProductData>
    <TicketCount>1</TicketCount>
    <Tickets>
      <Ticket>
        <TicketNumber>001</TicketNumber>
        <ProductCount>3</ProductCount>
        <Products>
          <Product>
            <ProductID>1</ProductID>
            <ProductName>Product 1</ProductName>
            <ProductTypeIndicator>1</ProductTypeIndicator>
            <ProductDataType />
            <ServiceLevel>F</ServiceLevel>
            <ProductCode />
            <ProductShortDescription>Skechers 1</ProductShortDescription>
            <ProductStatementDescriptor />
            <UnitOfMeasure>U</UnitOfMeasure>
            <ProductUnitPrice>28</ProductUnitPrice>
            <ProductShipDate />
            <ProductCommodityCode />
            <ProductCreditDebitIndicator />
            <ProductDiscountFlag>1</ProductDiscountFlag>
            <DiscountPercentage />
            <ProductDiscount>1.00</ProductDiscount>
            <DepartmentID>001</DepartmentID>
            <DepartmentName>Electronic's</DepartmentName>
            <Quantity>1</Quantity>
            <Price>28.00</Price>
            <Tax />
            <ProductTaxRate />
            <ProductTypeFlag />
            <ProductNetGrossIndicator />
            <SubscriptionEvery />
            <SubscriptionEveryPeriod />
            <ProductQuantityDecimal />
            <LineProductTotal />
            <ReservedField1 />
            <ReservedField2 />
            <ShippingAddressId />
          </Product>
          <Product>
            <ProductID>2</ProductID>
            <ProductName>Product 2</ProductName>
            <ProductTypeIndicator>1</ProductTypeIndicator>
            <ProductDataType />
            <ServiceLevel>F</ServiceLevel>
            <ProductCode />
            <ProductShortDescription>Skechers 2</ProductShortDescription>
            <ProductStatementDescriptor />
            <UnitOfMeasure>U</UnitOfMeasure>
            <ProductUnitPrice>20</ProductUnitPrice>
            <ProductShipDate />
            <ProductCommodityCode />
            <ProductCreditDebitIndicator />
            <ProductDiscountFlag>1</ProductDiscountFlag>
            <DiscountPercentage />
            <ProductDiscount>1.00</ProductDiscount>
            <DepartmentID>002</DepartmentID>
            <DepartmentName>Electronic's</DepartmentName>
            <Quantity>1</Quantity>
            <Price>20.00</Price>
            <Tax />
            <ProductTaxRate />
            <ProductTypeFlag />
            <ProductNetGrossIndicator />
            <SubscriptionEvery />
            <SubscriptionEveryPeriod />
            <ProductQuantityDecimal />
            <LineProductTotal />
            <ReservedField1 />
            <ReservedField2 />
            <ShippingAddressId />
          </Product>
          <Product>
            <ProductID>3</ProductID>
            <ProductName>Product 3</ProductName>
            <ProductTypeIndicator>1</ProductTypeIndicator>
            <ProductDataType />
            <ServiceLevel>F</ServiceLevel>
            <ProductCode />
            <ProductShortDescription>Skechers 3</ProductShortDescription>
            <ProductStatementDescriptor />
            <UnitOfMeasure>U</UnitOfMeasure>
            <ProductUnitPrice>2</ProductUnitPrice>
            <ProductShipDate />
            <ProductCommodityCode />
            <ProductCreditDebitIndicator />
            <ProductDiscountFlag>1</ProductDiscountFlag>
            <DiscountPercentage />
            <ProductDiscount>1.00</ProductDiscount>
            <DepartmentID>003</DepartmentID>
            <DepartmentName>Electronic's</DepartmentName>
            <Quantity>1</Quantity>
            <Price>2.00</Price>
            <Tax />
            <ProductTaxRate />
            <ProductTypeFlag />
            <ProductNetGrossIndicator />
            <SubscriptionEvery />
            <SubscriptionEveryPeriod />
            <ProductQuantityDecimal />
            <LineProductTotal />
            <ReservedField1 />
            <ReservedField2 />
            <ShippingAddressId />
          </Product>
        </Products>
      </Ticket>
    </Tickets>
  </TicketProductData>
  <TransTotalDiscountAmt>0.00</TransTotalDiscountAmt>
  <TransTotalQuantity>3</TransTotalQuantity>
  <TransSubTotalAmount />
  <TaxAmount>0.00</TaxAmount>
  <ServicesTotalAmount>0.00</ServicesTotalAmount>
  <TransTotalAmount>50.00</TransTotalAmount>
  <PONumber />
  <LanguageIndicator />
  <CashBackFlag>0</CashBackFlag>
  <TransactionType />
</CCTTicketDisplayRequest>

2024-03-28 13:22:23 INFO  Logger:10 - <?xml version="1.0" encoding="UTF-8"?>
<CCTTicketDisplayResponse>
  <POSID>01</POSID>
  <APPID>04</APPID>
  <CCTID>06</CCTID>
  <ResponseCode>00000</ResponseCode>
  <ResponseText>Approved</ResponseText>
  <SessionId>12345</SessionId>
</CCTTicketDisplayResponse>

2024-03-28 13:22:55 INFO  Logger:9 - <GetCardBINRequest>
	<POSID>01</POSID>
	<ADSDKSpecVer>6.13.0</ADSDKSpecVer>
	<LookUpFlag>4</LookUpFlag>
	<AllowKeyedEntry>N</AllowKeyedEntry>
	<AllowManualFallback>N</AllowManualFallback>
	<CardDataSource>0</CardDataSource>
	<TenderAmount>50.00</TenderAmount>
	<TransactionType>01</TransactionType>
	<PromptConfirmFlag>1</PromptConfirmFlag>
	<ProcessingMode>0</ProcessingMode>
	<CustomerInfoValidation />
</GetCardBINRequest>

2024-03-28 13:22:55 INFO  Logger:10 - <?xml version="1.0" encoding="UTF-8"?>
<GetCardBINResponse>
  <POSID>01</POSID>
  <APPID />
  <CCTID />
  <ResponseCode>00000</ResponseCode>
  <ResponseText>APPROVAL</ResponseText>
  <KI />
  <KIType />
  <CardType>MCC</CardType>
  <CardToken>5413331100064111</CardToken>
  <CardEntryMode>I</CardEntryMode>
  <CardDataSource />
  <CardTokenDetailData />
  <FirstName>Test Card 06</FirstName>
  <LastName>UAT USA</LastName>
  <CardExpiryDate>1225</CardExpiryDate>
  <CustomerInfoValidationResult>000000</CustomerInfoValidationResult>
  <CustomerIdentifier />
  <Level3Capable>N</Level3Capable>
  <SessionId>12345</SessionId>
  <ECOMMInfo />
  <DCCOffered>0</DCCOffered>
  <FleetPromptsFlag />
  <LoyaltyPassData />
  <FallbackIndicator>0</FallbackIndicator>
</GetCardBINResponse>

2024-03-28 13:23:19 INFO  Logger:9 - <TransRequest>
  <POSID>01</POSID>
  <APPID>04</APPID>
  <CCTID>06</CCTID>
  <LaneNo />
  <POSType>1</POSType>
  <KI />
  <KIType />
  <DeviceId />
  <ADSDKSpecVer>6.13.0</ADSDKSpecVer>
  <SessionId>12345</SessionId>
  <CardToken>5413331100064111</CardToken>
  <ProcessorToken />
  <CardExpiryDate />
  <DCCOffered>0</DCCOffered>
  <CustomerIdentifier />
  <CardPresent>Y</CardPresent>
  <PurchaserPresent>Y</PurchaserPresent>
  <EntrySource />
  <KeyedEntryAVSFlag>N</KeyedEntryAVSFlag>
  <KeyedEntryReasonCode />
  <GiftPurchaseAuthIndicator>N</GiftPurchaseAuthIndicator>
  <EcommerceIndicator>N</EcommerceIndicator>
  <CashBackFlag>0</CashBackFlag>
  <CVBFlag />
  <ProcessingMode>0</ProcessingMode>
  <CardType />
  <SubCardType />
  <FeedbackFlag>0</FeedbackFlag>
  <CVVFlag>0</CVVFlag>
  <CardDataInfo>
    <CardDataSource>3</CardDataSource>
    <EncryptionMode />
    <TrackData />
    <EMVDetailsData />
    <CVVData />
    <PINBlock>204F5B28BA4B479D</PINBlock>
    <KSNBlock>00000E00BAE00AD8</KSNBlock>
  </CardDataInfo>
  <TransAmountDetails>
    <ServicesTotalAmount>0.00</ServicesTotalAmount>
    <ProductTotalAmount>0.00</ProductTotalAmount>
    <TaxAmount>0.00</TaxAmount>
    <Discount>0.00</Discount>
    <EBTAmount>0.00</EBTAmount>
    <FSAAmount />
    <DutyTotalAmount />
    <DonationAmount>0.00</DonationAmount>
    <FreightTotalAmount />
    <AlternateTaxAmount />
    <TipAmount>0.00</TipAmount>
    <CashBackAmount />
    <CashBackFees />
    <TenderAmount>50.00</TenderAmount>
    <TransactionTotal>50.00~50.00</TransactionTotal>
    <ConvenienceFees />
  </TransAmountDetails>
  <GiftCardList>
    <GiftCard>
      <GiftCardNumber />
      <GiftTrack2Data />
      <Amount />
      <CardActivationDate />
      <CardExpirationDate />
    </GiftCard>
  </GiftCardList>
  <ECOMMInfo>
    <MerchantIdentifier />
    <StoreId />
    <TerminalId />
    <CVV />
    <OneOrderToken />
    <OneTimeToken />
    <CardIdentifier />
    <CardExpiryDate />
    <DomainId>1</DomainId>
    <TemplateId>1</TemplateId>
    <URLType>1</URLType>
    <SourcePostBackUrl />
  </ECOMMInfo>
  <CardNumber />
  <TransactionType>01</TransactionType>
  <InvoiceNumber />
  <ReceiptNumber />
  <ReferenceNumber />
  <PONumber />
  <PODate />
  <CRMToken />
  <TaxExemptFlag>N</TaxExemptFlag>
  <POSIP>10.180.10.227</POSIP>
  <POSClientName>GKILLARE-WIN87</POSClientName>
  <POSVersion />
  <CustomerCode />
  <CustomerFirstName>John</CustomerFirstName>
  <CustomerLastName>Mathew</CustomerLastName>
  <CustomerType />
  <CustomerEmail />
  <CustomerPhoneNumber />
  <WalletIdentifier />
  <AlternatePaymentData />
  <DLIntellicheckFlag />
  <LanguageIndicator />
  <ProgramId />
  <StoreCardFlag>0</StoreCardFlag>
  <PostAuthSequenceNo>01</PostAuthSequenceNo>
  <PostAuthCount>01</PostAuthCount>
  <MerchantCategoryCode />
  <SSNFlag />
  <SSN />
  <BillingAddress>
    <BillingFirstName />
    <BillingMiddleName />
    <BillingLastName />
    <BillingAddressLine1 />
    <BillingAddressLine2 />
    <BillingAddressLine3 />
    <BillingZip />
    <BillingCity />
    <BillingState />
    <BillingProvince />
    <BillingCountry />
    <BillingMobileNumber />
    <BillingOtherNumber />
    <BillingEmailId />
  </BillingAddress>
  <ShippingAddress>
    <ShippingFirstName />
    <ShippingMiddleName />
    <ShippingLastName />
    <ShippingAddressLine1 />
    <ShippingAddressLine2 />
    <ShippingAddressLine3 />
    <ShippingZip />
    <ShippingCity />
    <ShippingState />
    <ShippingProvince />
    <ShippingCountry />
    <ShippingMobileNumber />
    <ShippingOtherNumber />
    <ShippingEmailId />
  </ShippingAddress>
  <ShippingInfo>
    <ShippingAddresses />
  </ShippingInfo>
  <CheckInfo>
    <DriverLicenseEntryMode />
    <DriverLicenseData />
    <DriverLicenseState />
    <CheckEntryMode />
    <FullMICR />
    <RoutingNumber />
    <AccountNumber />
    <CheckNumber />
    <CheckType />
    <ConsumerDOB />
    <OtherIDEntryMode />
    <OtherIDType />
    <OtherIDData />
    <OtherIDState />
    <StateName />
  </CheckInfo>
  <FraudScoreInfo>
    <ShippingMethod />
    <ShippingCompany />
    <EGCMessage />
    <EGCEmail />
    <DeviceFingerPrintId />
    <LoggedInState />
    <PickupStore />
    <PickupState />
  </FraudScoreInfo>
  <RentalInfo>
    <RenterName />
    <RentalAgreementNo />
    <RentalDate />
    <RentalTime />
    <RentalDuration />
    <RentalCity />
    <RentalState />
    <RentalCountry />
    <RentalExtraCharge />
    <RentalClassID />
    <RentalTaxIndicator />
    <ReturnDate />
    <ReturnTime />
    <ReturnCity />
    <ReturnState />
    <ReturnCountry />
    <AmountExtraCharge />
    <DelayChargeIndicator />
  </RentalInfo>
  <PreSaleDate />
  <PreApprovalRefNumber />
  <GiftCardType />
  <GiftCardTypePassCode />
  <AurusPayTicketNum />
  <OrigAurusPayTicketNum />
  <OrigTransactionIdentifier />
  <DCCTransParentId />
  <ApprovalCode />
  <VoucherNumber />
  <IVRAuthNumber />
  <SubTransType />
  <ShowResponse>1</ShowResponse>
  <ReferralNum />
  <EqualPayPlanNum />
  <CurrencyCode>840</CurrencyCode>
  <ClerkID>111</ClerkID>
  <TransactionDate>03282024</TransactionDate>
  <TransactionTime>132255</TransactionTime>
  <TipEligible>0</TipEligible>
  <AmountNoBar>0</AmountNoBar>
  <BatchNumber />
  <AllowknukleBuster>0</AllowknukleBuster>
  <TicketProductData>
    <TicketCount>1</TicketCount>
    <Tickets>
      <Ticket>
        <TicketNumber>1234567</TicketNumber>
        <ProductCount>1</ProductCount>
        <Products>
          <Product>
            <ProductID>1</ProductID>
            <ProductName>Product 1</ProductName>
            <ProductShortDescription>ProductShortDec1</ProductShortDescription>
            <ProductStatementDescriptor />
            <DepartmentID>001</DepartmentID>
            <DepartmentName>Electronic's</DepartmentName>
            <Quantity>2</Quantity>
            <Price>5.00</Price>
            <Tax />
            <ProductTypeFlag />
          </Product>
        </Products>
      </Ticket>
    </Tickets>
  </TicketProductData>
  <UPCDetails>
    <UPCCount>1</UPCCount>
    <UPCItems>
      <UPCItem>
        <UPCIndicator>1</UPCIndicator>
        <UPCPLUData>000</UPCPLUData>
        <UPCItemPrice>1</UPCItemPrice>
        <UPCQuantity>10</UPCQuantity>
        <UnitofMeasure>C</UnitofMeasure>
      </UPCItem>
    </UPCItems>
  </UPCDetails>
  <FleetData>
    <FleetProductCount>1</FleetProductCount>
    <FleetProducts>
      <FleetProduct>
        <FleetProductSeqNo>001</FleetProductSeqNo>
        <FleetProductDataType>102</FleetProductDataType>
        <FleetServiceLevel>S</FleetServiceLevel>
        <FleetNACSCode>001</FleetNACSCode>
        <FleetProductName>product 1</FleetProductName>
        <FleetUnitOfMeasure>O</FleetUnitOfMeasure>
        <FleetProductQuantity>1</FleetProductQuantity>
        <FleetProductUnitPrice>5</FleetProductUnitPrice>
        <FleetProductTotalAmount>5</FleetProductTotalAmount>
      </FleetProduct>
    </FleetProducts>
  </FleetData>
  <Level3ProductsData>
    <Level3ProductCount>1</Level3ProductCount>
    <Level3ProductChunkIndicator>0</Level3ProductChunkIndicator>
    <Level3Products>
      <Level3Product>
        <L3ProductSeqNo>001</L3ProductSeqNo>
        <L3ProductCode>Product Code</L3ProductCode>
        <L3ProductName>Product1</L3ProductName>
        <L3ProductDescription />
        <L3ProductQuantity>2</L3ProductQuantity>
        <L3UnitOfMeasure>O</L3UnitOfMeasure>
        <L3ProductUnitPrice>3</L3ProductUnitPrice>
        <L3ProductDiscount>1</L3ProductDiscount>
        <L3ProductTax>1.11</L3ProductTax>
        <L3ProductTaxRate />
        <L3FreightAmount />
        <L3MonogramAmount />
        <L3TarriffAmount />
        <L3OtherAmount />
        <L3GiftWrapAmount />
        <L3DepartmentID />
        <L3ClassID />
        <L3OrderRefNumber />
        <L3ProductTotalAmount>12</L3ProductTotalAmount>
      </Level3Product>
    </Level3Products>
  </Level3ProductsData>
  <EPPDetailsInfo>
    <STAN />
    <LifecycleID />
    <POSCapability />
    <ConditionCode />
    <AmountDue />
    <TermsVersion />
    <ProductIdentificationData />
    <ProductCount />
    <EPPDetails>
      <EPPProductData>
        <DatasetVersion />
        <ItemCode />
        <Quantity />
        <SignIndicator />
        <Price />
        <MBASDiscountQuantity />
        <MBASDiscountAmount />
        <EligibilityFlag />
        <RedemptionReqAmount />
        <ManufacturerDiscountAmount />
        <ManufacturerDiscountType />
        <AdjustmentPrice />
        <ItemReferenceNumber />
        <PurseID />
        <MBASStoreDiscountQuantity />
        <MBASStoreDiscountAmount />
        <StoreDiscountAmount />
        <StoreDiscountType />
        <MBASEligibilityFlags />
      </EPPProductData>
    </EPPDetails>
  </EPPDetailsInfo>
  <TenderTypeRestrictions />
  <SignatureFlag>N</SignatureFlag>
  <IsTokenizedTransaction>0</IsTokenizedTransaction>
  <FleetPromptCode />
  <AllowZipPrompt>0</AllowZipPrompt>
  <PartialAllowed>1</PartialAllowed>
  <PrintOnlyMode>N</PrintOnlyMode>
  <POSEnvironmentIndicator />
  <ThirdPartyID />
  <ThirdPartyURL />
  <SettlementInfo>
    <PromotionCode />
    <CreditPlan />
    <MerchantTransactionCode />
    <TransactionDescription />
    <InCircleAmount />
    <SalesCheckNumber />
  </SettlementInfo>
  <PLCCPaymentMethod />
  <AdditionalTags>
    <Tags>
      <Tag>
        <Key />
        <Value />
      </Tag>
      <Tag>
        <Key />
        <Value />
      </Tag>
    </Tags>
  </AdditionalTags>
  <Reserved1 />
  <Reserved2 />
  <ECOMMFingerPrintInfo>
    <IPAddress />
    <DeviceOS />
    <DeviceType />
    <BrowserDetails />
    <DeviceScreenResolution />
    <ReferralURL />
    <CountryCode>840</CountryCode>
    <StateName />
    <City />
    <BrowserLanguage>en-us English</BrowserLanguage>
    <WebsiteSessionID />
    <NetworkType />
    <NetworkSubType />
    <NetworkDownloadSpeed />
    <NetworkMaxDownloadSpeed />
  </ECOMMFingerPrintInfo>
  <InputIdentifier />
  <InputIdData />
  <OutputDataMatrix />
  <LoyaltyLookupFlag />
  <CorpID />
  <SubWalletIdentifier />
  <CardTypeSupport />
  <ClerkName />
</TransRequest>

2024-03-28 13:23:19 INFO  Logger:10 - <?xml version="1.0" encoding="UTF-8"?>
<TransResponse>
  <POSID>01</POSID>
  <APPID>04</APPID>
  <CCTID>06</CCTID>
  <TransDetailsData>
    <TransDetailData>
      <CardNumber>541333XXXXXX4111</CardNumber>
      <CardType>MCC</CardType>
      <TransactionTypeCode>1</TransactionTypeCode>
      <CardEntryMode>I</CardEntryMode>
      <KI />
      <KIType />
      <TransactionAmount>0.00</TransactionAmount>
      <TipAmount>0.00</TipAmount>
      <TransactionIdentifier>294240881398623842</TransactionIdentifier>
      <ResponseCode>20006</ResponseCode>
      <ResponseText>INSUFFICIENT FUNDS</ResponseText>
      <ApprovalCode>000000</ApprovalCode>
      <BalanceAmount>0.00</BalanceAmount>
      <AuthAVSResult />
      <TransactionSequenceNumber />
      <CardExpiryDate>1225</CardExpiryDate>
      <CustomerName>Test Card 06       UAT USA</CustomerName>
      <CustomerTokenNumber>0023391247034111</CustomerTokenNumber>
      <SignatureReceiptFlag>0</SignatureReceiptFlag>
      <PartialApprovedFlag>N</PartialApprovedFlag>
      <EMVFlag>1</EMVFlag>
      <EMVData>[FS]MerchantID~313306264885[FS]TerminalID~[FS]ARC~05[FS]ISO~00[FS]AID~A0000000041010[FS]TVR~8000008000[FS]TSI~6800[FS]IAD~0110A00003220000000000000000000000FF[FS]App Pref Name~Mastercard[FS]App Label~MASTERCARD[FS]RespDate~03282024[FS]RespTime~035306</EMVData>
      <AdditionalReceiptInfo>
        <Line>AMOUNT:0.00</Line>
        <Line>CARD:MASTERCARD CREDIT XXXX4111 EMV</Line>
        <Line>APPROVAL CODE:000000</Line>
        <Line>AID:A0000000041010</Line>
        <Line>TVR:8000008000</Line>
        <Line>IAD:0110A00003220000000000000000000000FF</Line>
        <Line>TSI:6800</Line>
        <Line>ARC:05</Line>
        <Line>APPLICATION CRYPTOGRAM:FFB99F6FB0E11EFC</Line>
        <Line>APPLICATION PREFERRED NAME:Mastercard</Line>
        <Line>APPLICATION LABEL:MASTERCARD</Line>
      </AdditionalReceiptInfo>
      <VoidData />
      <LoyaltyInfo>
        <Usepoints />
        <BalancePoint />
        <Expiry />
        <LoyaltyLevel />
      </LoyaltyInfo>
      <ReferralNUM />
      <ReferralDialInformation />
      <OpenToPayCash />
      <OpenToBuy />
      <LastPaymentDate />
      <LastPaymentAmount />
      <ProcessorResponseCode>116</ProcessorResponseCode>
      <GiftCardTypePassCode />
      <ProcessorMerchantId />
      <ForcedComplianceCode />
      <CardIdentifier />
      <TransactionToken />
      <ReceiptToken>5413331100064111</ReceiptToken>
      <CorpCardToken />
      <EcomToken />
      <EcomResponseCode />
      <EcomResponseText />
      <CRMToken>0023391247034111</CRMToken>
      <ProcessorToken>0023391247034111</ProcessorToken>
      <FraudScoreInfo>
        <RequestToken />
      </FraudScoreInfo>
      <ECOMMInfo>
        <OneOrderToken />
        <CVVResult>0</CVVResult>
      </ECOMMInfo>
      <DCCDetails>
        <DCCOffered>0</DCCOffered>
      </DCCDetails>
      <CashbackAmount>0.00</CashbackAmount>
      <LanguageIndicator>00</LanguageIndicator>
      <TotalApprovedAmount>0.00</TotalApprovedAmount>
      <FallbackIndicator>0</FallbackIndicator>
      <EMVDataInTLVFormat>AID%7EA0000000041010%1ETVR%7E8000008000%1EIAD%7E0110A00003220000000000000000000000FF%1ETSI%7E6800%1EARC%7E3035</EMVDataInTLVFormat>
      <PromotionCode />
      <CardClass />
      <BillingAddress />
      <EPPDetailsInfo />
      <Reserved1 />
      <Reserved2 />
      <CheckInfo />
      <ReceiptDetails>
        <ReceiptData>
          <LanguageIndicator>00</LanguageIndicator>
          <ReceiptInfo>
            <Line>AMOUNT:0.00</Line>
            <Line>CARD:MASTERCARD CREDIT XXXX4111 EMV</Line>
            <Line>APPROVAL CODE:000000</Line>
            <Line>AID:A0000000041010</Line>
            <Line>TVR:8000008000</Line>
            <Line>IAD:0110A00003220000000000000000000000FF</Line>
            <Line>TSI:6800</Line>
            <Line>ARC:05</Line>
            <Line>APPLICATION CRYPTOGRAM:FFB99F6FB0E11EFC</Line>
            <Line>APPLICATION PREFERRED NAME:Mastercard</Line>
            <Line>APPLICATION LABEL:MASTERCARD</Line>
          </ReceiptInfo>
        </ReceiptData>
      </ReceiptDetails>
    </TransDetailData>
  </TransDetailsData>
  <BatchNumber>088001</BatchNumber>
  <AurusPayTicketNum>000000000000000000</AurusPayTicketNum>
  <AdditionalTags>
    <Tags>
      <Tag>
        <Key />
        <Value />
      </Tag>
      <Tag>
        <Key />
        <Value />
      </Tag>
    </Tags>
  </AdditionalTags>
  <SessionId>12345</SessionId>
</TransResponse>

2024-03-28 13:23:39 INFO  Logger:9 - <CCTTicketDisplayRequest>
  <POSID>01</POSID>
  <APPID>04</APPID>
  <CCTID>06</CCTID>
  <ClerkID>111</ClerkID>
  <DisplayFlag>00</DisplayFlag>
  <AllowCardReader>Y</AllowCardReader>
  <ADSDKSpecVer>6.13.0</ADSDKSpecVer>
  <SessionId>12345</SessionId>
  <HeaderText />
  <FooterText />
  <ButtonText1>Next</ButtonText1>
  <ButtonText2 />
  <ButtonText3 />
  <TicketProductData>
    <TicketCount>1</TicketCount>
    <Tickets>
      <Ticket>
        <TicketNumber>001</TicketNumber>
        <ProductCount>1</ProductCount>
        <Products>
          <Product>
            <ProductID>1</ProductID>
            <ProductName>Product 1</ProductName>
            <ProductTypeIndicator>1</ProductTypeIndicator>
            <ProductDataType />
            <ServiceLevel>F</ServiceLevel>
            <ProductCode />
            <ProductShortDescription>Skechers 1</ProductShortDescription>
            <ProductStatementDescriptor />
            <UnitOfMeasure>U</UnitOfMeasure>
            <ProductUnitPrice>2</ProductUnitPrice>
            <ProductShipDate />
            <ProductCommodityCode />
            <ProductCreditDebitIndicator />
            <ProductDiscountFlag>1</ProductDiscountFlag>
            <DiscountPercentage />
            <ProductDiscount>1.00</ProductDiscount>
            <DepartmentID>001</DepartmentID>
            <DepartmentName>Electronic's</DepartmentName>
            <Quantity>1</Quantity>
            <Price>2.00</Price>
            <Tax />
            <ProductTaxRate />
            <ProductTypeFlag />
            <ProductNetGrossIndicator />
            <SubscriptionEvery />
            <SubscriptionEveryPeriod />
            <ProductQuantityDecimal />
            <LineProductTotal />
            <ReservedField1 />
            <ReservedField2 />
            <ShippingAddressId />
          </Product>
        </Products>
      </Ticket>
    </Tickets>
  </TicketProductData>
  <TransTotalDiscountAmt>0.00</TransTotalDiscountAmt>
  <TransTotalQuantity>1</TransTotalQuantity>
  <TransSubTotalAmount />
  <TaxAmount>0.00</TaxAmount>
  <ServicesTotalAmount>0.00</ServicesTotalAmount>
  <TransTotalAmount>2.00</TransTotalAmount>
  <PONumber />
  <LanguageIndicator />
  <CashBackFlag>0</CashBackFlag>
  <TransactionType />
</CCTTicketDisplayRequest>

2024-03-28 13:23:39 INFO  Logger:10 - <?xml version="1.0" encoding="UTF-8"?>
<CCTTicketDisplayResponse>
  <POSID>01</POSID>
  <APPID>04</APPID>
  <CCTID>06</CCTID>
  <ResponseCode>00000</ResponseCode>
  <ResponseText>Approved</ResponseText>
  <SessionId>12345</SessionId>
</CCTTicketDisplayResponse>

2024-03-28 13:23:45 INFO  Logger:9 - <GetCardBINRequest>
	<POSID>01</POSID>
	<ADSDKSpecVer>6.13.0</ADSDKSpecVer>
	<LookUpFlag>4</LookUpFlag>
	<AllowKeyedEntry>N</AllowKeyedEntry>
	<AllowManualFallback>N</AllowManualFallback>
	<CardDataSource>0</CardDataSource>
	<TenderAmount>2.00</TenderAmount>
	<TransactionType>01</TransactionType>
	<PromptConfirmFlag>1</PromptConfirmFlag>
	<ProcessingMode>0</ProcessingMode>
	<CustomerInfoValidation />
</GetCardBINRequest>

2024-03-28 13:23:45 INFO  Logger:10 - <?xml version="1.0" encoding="UTF-8"?>
<GetCardBINResponse>
  <POSID>01</POSID>
  <APPID />
  <CCTID />
  <ResponseCode>00000</ResponseCode>
  <ResponseText>APPROVAL</ResponseText>
  <KI />
  <KIType />
  <CardType>MCC</CardType>
  <CardToken>5413331100064111</CardToken>
  <CardEntryMode>I</CardEntryMode>
  <CardDataSource />
  <CardTokenDetailData />
  <FirstName>Test Card 06</FirstName>
  <LastName>UAT USA</LastName>
  <CardExpiryDate>1225</CardExpiryDate>
  <CustomerInfoValidationResult>000000</CustomerInfoValidationResult>
  <CustomerIdentifier />
  <Level3Capable>N</Level3Capable>
  <SessionId>12345</SessionId>
  <ECOMMInfo />
  <DCCOffered>0</DCCOffered>
  <FleetPromptsFlag />
  <LoyaltyPassData />
  <FallbackIndicator>0</FallbackIndicator>
</GetCardBINResponse>

2024-03-28 13:23:57 INFO  Logger:9 - <TransRequest>
  <POSID>01</POSID>
  <APPID>04</APPID>
  <CCTID>06</CCTID>
  <LaneNo />
  <POSType>1</POSType>
  <KI />
  <KIType />
  <DeviceId />
  <ADSDKSpecVer>6.13.0</ADSDKSpecVer>
  <SessionId>12345</SessionId>
  <CardToken>5413331100064111</CardToken>
  <ProcessorToken />
  <CardExpiryDate />
  <DCCOffered>0</DCCOffered>
  <CustomerIdentifier />
  <CardPresent>Y</CardPresent>
  <PurchaserPresent>Y</PurchaserPresent>
  <EntrySource />
  <KeyedEntryAVSFlag>N</KeyedEntryAVSFlag>
  <KeyedEntryReasonCode />
  <GiftPurchaseAuthIndicator>N</GiftPurchaseAuthIndicator>
  <EcommerceIndicator>N</EcommerceIndicator>
  <CashBackFlag>0</CashBackFlag>
  <CVBFlag />
  <ProcessingMode>0</ProcessingMode>
  <CardType />
  <SubCardType />
  <FeedbackFlag>0</FeedbackFlag>
  <CVVFlag>0</CVVFlag>
  <CardDataInfo>
    <CardDataSource>3</CardDataSource>
    <EncryptionMode />
    <TrackData />
    <EMVDetailsData />
    <CVVData />
    <PINBlock>204F5B28BA4B479D</PINBlock>
    <KSNBlock>00000E00BAE00AD8</KSNBlock>
  </CardDataInfo>
  <TransAmountDetails>
    <ServicesTotalAmount>0.00</ServicesTotalAmount>
    <ProductTotalAmount>0.00</ProductTotalAmount>
    <TaxAmount>0.00</TaxAmount>
    <Discount>0.00</Discount>
    <EBTAmount>0.00</EBTAmount>
    <FSAAmount />
    <DutyTotalAmount />
    <DonationAmount>0.00</DonationAmount>
    <FreightTotalAmount />
    <AlternateTaxAmount />
    <TipAmount>0.00</TipAmount>
    <CashBackAmount />
    <CashBackFees />
    <TenderAmount>2.00</TenderAmount>
    <TransactionTotal>2.00~2.00</TransactionTotal>
    <ConvenienceFees />
  </TransAmountDetails>
  <GiftCardList>
    <GiftCard>
      <GiftCardNumber />
      <GiftTrack2Data />
      <Amount />
      <CardActivationDate />
      <CardExpirationDate />
    </GiftCard>
  </GiftCardList>
  <ECOMMInfo>
    <MerchantIdentifier />
    <StoreId />
    <TerminalId />
    <CVV />
    <OneOrderToken />
    <OneTimeToken />
    <CardIdentifier />
    <CardExpiryDate />
    <DomainId>1</DomainId>
    <TemplateId>1</TemplateId>
    <URLType>1</URLType>
    <SourcePostBackUrl />
  </ECOMMInfo>
  <CardNumber />
  <TransactionType>01</TransactionType>
  <InvoiceNumber />
  <ReceiptNumber />
  <ReferenceNumber />
  <PONumber />
  <PODate />
  <CRMToken />
  <TaxExemptFlag>N</TaxExemptFlag>
  <POSIP>10.180.10.227</POSIP>
  <POSClientName>GKILLARE-WIN87</POSClientName>
  <POSVersion />
  <CustomerCode />
  <CustomerFirstName>John</CustomerFirstName>
  <CustomerLastName>Mathew</CustomerLastName>
  <CustomerType />
  <CustomerEmail />
  <CustomerPhoneNumber />
  <WalletIdentifier />
  <AlternatePaymentData />
  <DLIntellicheckFlag />
  <LanguageIndicator />
  <ProgramId />
  <StoreCardFlag>0</StoreCardFlag>
  <PostAuthSequenceNo>01</PostAuthSequenceNo>
  <PostAuthCount>01</PostAuthCount>
  <MerchantCategoryCode />
  <SSNFlag />
  <SSN />
  <BillingAddress>
    <BillingFirstName />
    <BillingMiddleName />
    <BillingLastName />
    <BillingAddressLine1 />
    <BillingAddressLine2 />
    <BillingAddressLine3 />
    <BillingZip />
    <BillingCity />
    <BillingState />
    <BillingProvince />
    <BillingCountry />
    <BillingMobileNumber />
    <BillingOtherNumber />
    <BillingEmailId />
  </BillingAddress>
  <ShippingAddress>
    <ShippingFirstName />
    <ShippingMiddleName />
    <ShippingLastName />
    <ShippingAddressLine1 />
    <ShippingAddressLine2 />
    <ShippingAddressLine3 />
    <ShippingZip />
    <ShippingCity />
    <ShippingState />
    <ShippingProvince />
    <ShippingCountry />
    <ShippingMobileNumber />
    <ShippingOtherNumber />
    <ShippingEmailId />
  </ShippingAddress>
  <ShippingInfo>
    <ShippingAddresses />
  </ShippingInfo>
  <CheckInfo>
    <DriverLicenseEntryMode />
    <DriverLicenseData />
    <DriverLicenseState />
    <CheckEntryMode />
    <FullMICR />
    <RoutingNumber />
    <AccountNumber />
    <CheckNumber />
    <CheckType />
    <ConsumerDOB />
    <OtherIDEntryMode />
    <OtherIDType />
    <OtherIDData />
    <OtherIDState />
    <StateName />
  </CheckInfo>
  <FraudScoreInfo>
    <ShippingMethod />
    <ShippingCompany />
    <EGCMessage />
    <EGCEmail />
    <DeviceFingerPrintId />
    <LoggedInState />
    <PickupStore />
    <PickupState />
  </FraudScoreInfo>
  <RentalInfo>
    <RenterName />
    <RentalAgreementNo />
    <RentalDate />
    <RentalTime />
    <RentalDuration />
    <RentalCity />
    <RentalState />
    <RentalCountry />
    <RentalExtraCharge />
    <RentalClassID />
    <RentalTaxIndicator />
    <ReturnDate />
    <ReturnTime />
    <ReturnCity />
    <ReturnState />
    <ReturnCountry />
    <AmountExtraCharge />
    <DelayChargeIndicator />
  </RentalInfo>
  <PreSaleDate />
  <PreApprovalRefNumber />
  <GiftCardType />
  <GiftCardTypePassCode />
  <AurusPayTicketNum />
  <OrigAurusPayTicketNum />
  <OrigTransactionIdentifier />
  <DCCTransParentId />
  <ApprovalCode />
  <VoucherNumber />
  <IVRAuthNumber />
  <SubTransType />
  <ShowResponse>1</ShowResponse>
  <ReferralNum />
  <EqualPayPlanNum />
  <CurrencyCode>840</CurrencyCode>
  <ClerkID>111</ClerkID>
  <TransactionDate>03282024</TransactionDate>
  <TransactionTime>132346</TransactionTime>
  <TipEligible>0</TipEligible>
  <AmountNoBar>0</AmountNoBar>
  <BatchNumber />
  <AllowknukleBuster>0</AllowknukleBuster>
  <TicketProductData>
    <TicketCount>1</TicketCount>
    <Tickets>
      <Ticket>
        <TicketNumber>1234567</TicketNumber>
        <ProductCount>1</ProductCount>
        <Products>
          <Product>
            <ProductID>1</ProductID>
            <ProductName>Product 1</ProductName>
            <ProductShortDescription>ProductShortDec1</ProductShortDescription>
            <ProductStatementDescriptor />
            <DepartmentID>001</DepartmentID>
            <DepartmentName>Electronic's</DepartmentName>
            <Quantity>2</Quantity>
            <Price>5.00</Price>
            <Tax />
            <ProductTypeFlag />
          </Product>
        </Products>
      </Ticket>
    </Tickets>
  </TicketProductData>
  <UPCDetails>
    <UPCCount>1</UPCCount>
    <UPCItems>
      <UPCItem>
        <UPCIndicator>1</UPCIndicator>
        <UPCPLUData>000</UPCPLUData>
        <UPCItemPrice>1</UPCItemPrice>
        <UPCQuantity>10</UPCQuantity>
        <UnitofMeasure>C</UnitofMeasure>
      </UPCItem>
    </UPCItems>
  </UPCDetails>
  <FleetData>
    <FleetProductCount>1</FleetProductCount>
    <FleetProducts>
      <FleetProduct>
        <FleetProductSeqNo>001</FleetProductSeqNo>
        <FleetProductDataType>102</FleetProductDataType>
        <FleetServiceLevel>S</FleetServiceLevel>
        <FleetNACSCode>001</FleetNACSCode>
        <FleetProductName>product 1</FleetProductName>
        <FleetUnitOfMeasure>O</FleetUnitOfMeasure>
        <FleetProductQuantity>1</FleetProductQuantity>
        <FleetProductUnitPrice>5</FleetProductUnitPrice>
        <FleetProductTotalAmount>5</FleetProductTotalAmount>
      </FleetProduct>
    </FleetProducts>
  </FleetData>
  <Level3ProductsData>
    <Level3ProductCount>1</Level3ProductCount>
    <Level3ProductChunkIndicator>0</Level3ProductChunkIndicator>
    <Level3Products>
      <Level3Product>
        <L3ProductSeqNo>001</L3ProductSeqNo>
        <L3ProductCode>Product Code</L3ProductCode>
        <L3ProductName>Product1</L3ProductName>
        <L3ProductDescription />
        <L3ProductQuantity>2</L3ProductQuantity>
        <L3UnitOfMeasure>O</L3UnitOfMeasure>
        <L3ProductUnitPrice>3</L3ProductUnitPrice>
        <L3ProductDiscount>1</L3ProductDiscount>
        <L3ProductTax>1.11</L3ProductTax>
        <L3ProductTaxRate />
        <L3FreightAmount />
        <L3MonogramAmount />
        <L3TarriffAmount />
        <L3OtherAmount />
        <L3GiftWrapAmount />
        <L3DepartmentID />
        <L3ClassID />
        <L3OrderRefNumber />
        <L3ProductTotalAmount>12</L3ProductTotalAmount>
      </Level3Product>
    </Level3Products>
  </Level3ProductsData>
  <EPPDetailsInfo>
    <STAN />
    <LifecycleID />
    <POSCapability />
    <ConditionCode />
    <AmountDue />
    <TermsVersion />
    <ProductIdentificationData />
    <ProductCount />
    <EPPDetails>
      <EPPProductData>
        <DatasetVersion />
        <ItemCode />
        <Quantity />
        <SignIndicator />
        <Price />
        <MBASDiscountQuantity />
        <MBASDiscountAmount />
        <EligibilityFlag />
        <RedemptionReqAmount />
        <ManufacturerDiscountAmount />
        <ManufacturerDiscountType />
        <AdjustmentPrice />
        <ItemReferenceNumber />
        <PurseID />
        <MBASStoreDiscountQuantity />
        <MBASStoreDiscountAmount />
        <StoreDiscountAmount />
        <StoreDiscountType />
        <MBASEligibilityFlags />
      </EPPProductData>
    </EPPDetails>
  </EPPDetailsInfo>
  <TenderTypeRestrictions />
  <SignatureFlag>N</SignatureFlag>
  <IsTokenizedTransaction>0</IsTokenizedTransaction>
  <FleetPromptCode />
  <AllowZipPrompt>0</AllowZipPrompt>
  <PartialAllowed>1</PartialAllowed>
  <PrintOnlyMode>N</PrintOnlyMode>
  <POSEnvironmentIndicator />
  <ThirdPartyID />
  <ThirdPartyURL />
  <SettlementInfo>
    <PromotionCode />
    <CreditPlan />
    <MerchantTransactionCode />
    <TransactionDescription />
    <InCircleAmount />
    <SalesCheckNumber />
  </SettlementInfo>
  <PLCCPaymentMethod />
  <AdditionalTags>
    <Tags>
      <Tag>
        <Key />
        <Value />
      </Tag>
      <Tag>
        <Key />
        <Value />
      </Tag>
    </Tags>
  </AdditionalTags>
  <Reserved1 />
  <Reserved2 />
  <ECOMMFingerPrintInfo>
    <IPAddress />
    <DeviceOS />
    <DeviceType />
    <BrowserDetails />
    <DeviceScreenResolution />
    <ReferralURL />
    <CountryCode>840</CountryCode>
    <StateName />
    <City />
    <BrowserLanguage>en-us English</BrowserLanguage>
    <WebsiteSessionID />
    <NetworkType />
    <NetworkSubType />
    <NetworkDownloadSpeed />
    <NetworkMaxDownloadSpeed />
  </ECOMMFingerPrintInfo>
  <InputIdentifier />
  <InputIdData />
  <OutputDataMatrix />
  <LoyaltyLookupFlag />
  <CorpID />
  <SubWalletIdentifier />
  <CardTypeSupport />
  <ClerkName />
</TransRequest>

2024-03-28 13:23:57 INFO  Logger:10 - <?xml version="1.0" encoding="UTF-8"?>
<TransResponse>
  <POSID>01</POSID>
  <APPID>04</APPID>
  <CCTID>06</CCTID>
  <TransDetailsData>
    <TransDetailData>
      <CardNumber>541333XXXXXX4111</CardNumber>
      <CardType>MCC</CardType>
      <TransactionTypeCode>1</TransactionTypeCode>
      <CardEntryMode>I</CardEntryMode>
      <KI />
      <KIType />
      <TransactionAmount>2.00</TransactionAmount>
      <TipAmount>0.00</TipAmount>
      <TransactionIdentifier>193240881402920338</TransactionIdentifier>
      <ResponseCode>00000</ResponseCode>
      <ResponseText>APPROVAL</ResponseText>
      <ApprovalCode>584941</ApprovalCode>
      <BalanceAmount>0.00</BalanceAmount>
      <AuthAVSResult />
      <TransactionSequenceNumber>000006</TransactionSequenceNumber>
      <CardExpiryDate>1225</CardExpiryDate>
      <CustomerName>Test Card 06       UAT USA</CustomerName>
      <CustomerTokenNumber>0023391247034111</CustomerTokenNumber>
      <SignatureReceiptFlag>1</SignatureReceiptFlag>
      <PartialApprovedFlag>N</PartialApprovedFlag>
      <EMVFlag>1</EMVFlag>
      <EMVData>[FS]MerchantID~313306264885[FS]TerminalID~[FS]ARC~00[FS]ISO~00[FS]AID~A0000000041010[FS]TVR~8000008000[FS]TSI~6800[FS]IAD~0110A00003220000000000000000000000FF[FS]App Pref Name~Mastercard[FS]App Label~MASTERCARD[FS]RespDate~03282024[FS]RespTime~035349</EMVData>
      <AdditionalReceiptInfo>
        <Line>AMOUNT:2.00</Line>
        <Line>CARD:MASTERCARD CREDIT XXXX4111 EMV</Line>
        <Line>APPROVAL CODE:584941</Line>
        <Line>AID:A0000000041010</Line>
        <Line>TVR:8000008000</Line>
        <Line>IAD:0110A00003220000000000000000000000FF</Line>
        <Line>TSI:6800</Line>
        <Line>ARC:00</Line>
        <Line>APPLICATION CRYPTOGRAM:EE11C046F1A10B58</Line>
        <Line>APPLICATION PREFERRED NAME:Mastercard</Line>
        <Line>APPLICATION LABEL:MASTERCARD</Line>
      </AdditionalReceiptInfo>
      <VoidData />
      <LoyaltyInfo>
        <Usepoints />
        <BalancePoint />
        <Expiry />
        <LoyaltyLevel />
      </LoyaltyInfo>
      <ReferralNUM />
      <ReferralDialInformation />
      <OpenToPayCash />
      <OpenToBuy />
      <LastPaymentDate />
      <LastPaymentAmount />
      <ProcessorResponseCode>000</ProcessorResponseCode>
      <GiftCardTypePassCode />
      <ProcessorMerchantId />
      <ForcedComplianceCode />
      <CardIdentifier />
      <TransactionToken />
      <ReceiptToken>5413331100064111</ReceiptToken>
      <CorpCardToken />
      <EcomToken />
      <EcomResponseCode />
      <EcomResponseText />
      <CRMToken>0023391247034111</CRMToken>
      <ProcessorToken>0023391247034111</ProcessorToken>
      <FraudScoreInfo>
        <RequestToken />
      </FraudScoreInfo>
      <ECOMMInfo>
        <OneOrderToken />
        <CVVResult>0</CVVResult>
      </ECOMMInfo>
      <DCCDetails>
        <DCCOffered>0</DCCOffered>
      </DCCDetails>
      <CashbackAmount>0.00</CashbackAmount>
      <LanguageIndicator>00</LanguageIndicator>
      <TotalApprovedAmount>2.00</TotalApprovedAmount>
      <FallbackIndicator>0</FallbackIndicator>
      <EMVDataInTLVFormat>AID%7EA0000000041010%1ETVR%7E8000008000%1EIAD%7E0110A00003220000000000000000000000FF%1ETSI%7E6800%1EARC%7E3030</EMVDataInTLVFormat>
      <PromotionCode />
      <CardClass />
      <BillingAddress />
      <EPPDetailsInfo />
      <Reserved1 />
      <Reserved2 />
      <CheckInfo />
      <ReceiptDetails>
        <ReceiptData>
          <LanguageIndicator>00</LanguageIndicator>
          <ReceiptInfo>
            <Line>AMOUNT:2.00</Line>
            <Line>CARD:MASTERCARD CREDIT XXXX4111 EMV</Line>
            <Line>APPROVAL CODE:584941</Line>
            <Line>AID:A0000000041010</Line>
            <Line>TVR:8000008000</Line>
            <Line>IAD:0110A00003220000000000000000000000FF</Line>
            <Line>TSI:6800</Line>
            <Line>ARC:00</Line>
            <Line>APPLICATION CRYPTOGRAM:EE11C046F1A10B58</Line>
            <Line>APPLICATION PREFERRED NAME:Mastercard</Line>
            <Line>APPLICATION LABEL:MASTERCARD</Line>
          </ReceiptInfo>
        </ReceiptData>
      </ReceiptDetails>
    </TransDetailData>
  </TransDetailsData>
  <BatchNumber>088001</BatchNumber>
  <AurusPayTicketNum>324088140292040073</AurusPayTicketNum>
  <AdditionalTags>
    <Tags>
      <Tag>
        <Key />
        <Value />
      </Tag>
      <Tag>
        <Key />
        <Value />
      </Tag>
    </Tags>
  </AdditionalTags>
  <SessionId>12345</SessionId>
</TransResponse>

2024-03-28 13:24:11 INFO  Logger:9 - <TransRequest>
  <POSID>01</POSID>
  <APPID>04</APPID>
  <CCTID>06</CCTID>
  <LaneNo />
  <POSType>1</POSType>
  <KI />
  <KIType />
  <DeviceId />
  <ADSDKSpecVer>6.13.0</ADSDKSpecVer>
  <SessionId>12345</SessionId>
  <CardToken />
  <ProcessorToken />
  <CardExpiryDate />
  <DCCOffered>0</DCCOffered>
  <CustomerIdentifier />
  <CardPresent>Y</CardPresent>
  <PurchaserPresent>Y</PurchaserPresent>
  <EntrySource />
  <KeyedEntryAVSFlag>N</KeyedEntryAVSFlag>
  <KeyedEntryReasonCode />
  <GiftPurchaseAuthIndicator>N</GiftPurchaseAuthIndicator>
  <EcommerceIndicator>N</EcommerceIndicator>
  <CashBackFlag>0</CashBackFlag>
  <CVBFlag />
  <ProcessingMode>0</ProcessingMode>
  <CardType />
  <SubCardType />
  <FeedbackFlag>0</FeedbackFlag>
  <CVVFlag>0</CVVFlag>
  <CardDataInfo>
    <CardDataSource>3</CardDataSource>
    <EncryptionMode />
    <TrackData />
    <EMVDetailsData />
    <CVVData />
    <PINBlock>204F5B28BA4B479D</PINBlock>
    <KSNBlock>00000E00BAE00AD8</KSNBlock>
  </CardDataInfo>
  <TransAmountDetails>
    <ServicesTotalAmount>0.00</ServicesTotalAmount>
    <ProductTotalAmount>0.00</ProductTotalAmount>
    <TaxAmount>0.00</TaxAmount>
    <Discount>0.00</Discount>
    <EBTAmount>0.00</EBTAmount>
    <FSAAmount />
    <DutyTotalAmount />
    <DonationAmount>0.00</DonationAmount>
    <FreightTotalAmount />
    <AlternateTaxAmount />
    <TipAmount>0.00</TipAmount>
    <CashBackAmount />
    <CashBackFees />
    <TenderAmount>2.00</TenderAmount>
    <TransactionTotal>2.00~2.00</TransactionTotal>
    <ConvenienceFees />
  </TransAmountDetails>
  <GiftCardList>
    <GiftCard>
      <GiftCardNumber />
      <GiftTrack2Data />
      <Amount />
      <CardActivationDate />
      <CardExpirationDate />
    </GiftCard>
  </GiftCardList>
  <ECOMMInfo>
    <MerchantIdentifier />
    <StoreId />
    <TerminalId />
    <CVV />
    <OneOrderToken />
    <OneTimeToken />
    <CardIdentifier />
    <CardExpiryDate />
    <DomainId>1</DomainId>
    <TemplateId>1</TemplateId>
    <URLType>1</URLType>
    <SourcePostBackUrl />
  </ECOMMInfo>
  <CardNumber />
  <TransactionType>02</TransactionType>
  <InvoiceNumber />
  <ReceiptNumber />
  <ReferenceNumber />
  <PONumber />
  <PODate />
  <CRMToken />
  <TaxExemptFlag>N</TaxExemptFlag>
  <POSIP>10.180.10.227</POSIP>
  <POSClientName>GKILLARE-WIN87</POSClientName>
  <POSVersion />
  <CustomerCode />
  <CustomerFirstName>John</CustomerFirstName>
  <CustomerLastName>Mathew</CustomerLastName>
  <CustomerType />
  <CustomerEmail />
  <CustomerPhoneNumber />
  <WalletIdentifier />
  <AlternatePaymentData />
  <DLIntellicheckFlag />
  <LanguageIndicator />
  <ProgramId />
  <StoreCardFlag>0</StoreCardFlag>
  <PostAuthSequenceNo>01</PostAuthSequenceNo>
  <PostAuthCount>01</PostAuthCount>
  <MerchantCategoryCode />
  <SSNFlag />
  <SSN />
  <BillingAddress>
    <BillingFirstName />
    <BillingMiddleName />
    <BillingLastName />
    <BillingAddressLine1 />
    <BillingAddressLine2 />
    <BillingAddressLine3 />
    <BillingZip />
    <BillingCity />
    <BillingState />
    <BillingProvince />
    <BillingCountry />
    <BillingMobileNumber />
    <BillingOtherNumber />
    <BillingEmailId />
  </BillingAddress>
  <ShippingAddress>
    <ShippingFirstName />
    <ShippingMiddleName />
    <ShippingLastName />
    <ShippingAddressLine1 />
    <ShippingAddressLine2 />
    <ShippingAddressLine3 />
    <ShippingZip />
    <ShippingCity />
    <ShippingState />
    <ShippingProvince />
    <ShippingCountry />
    <ShippingMobileNumber />
    <ShippingOtherNumber />
    <ShippingEmailId />
  </ShippingAddress>
  <ShippingInfo>
    <ShippingAddresses />
  </ShippingInfo>
  <CheckInfo>
    <DriverLicenseEntryMode />
    <DriverLicenseData />
    <DriverLicenseState />
    <CheckEntryMode />
    <FullMICR />
    <RoutingNumber />
    <AccountNumber />
    <CheckNumber />
    <CheckType />
    <ConsumerDOB />
    <OtherIDEntryMode />
    <OtherIDType />
    <OtherIDData />
    <OtherIDState />
    <StateName />
  </CheckInfo>
  <FraudScoreInfo>
    <ShippingMethod />
    <ShippingCompany />
    <EGCMessage />
    <EGCEmail />
    <DeviceFingerPrintId />
    <LoggedInState />
    <PickupStore />
    <PickupState />
  </FraudScoreInfo>
  <RentalInfo>
    <RenterName />
    <RentalAgreementNo />
    <RentalDate />
    <RentalTime />
    <RentalDuration />
    <RentalCity />
    <RentalState />
    <RentalCountry />
    <RentalExtraCharge />
    <RentalClassID />
    <RentalTaxIndicator />
    <ReturnDate />
    <ReturnTime />
    <ReturnCity />
    <ReturnState />
    <ReturnCountry />
    <AmountExtraCharge />
    <DelayChargeIndicator />
  </RentalInfo>
  <PreSaleDate />
  <PreApprovalRefNumber />
  <GiftCardType />
  <GiftCardTypePassCode />
  <AurusPayTicketNum />
  <OrigAurusPayTicketNum>324088140292040073</OrigAurusPayTicketNum>
  <OrigTransactionIdentifier>193240881402920338</OrigTransactionIdentifier>
  <DCCTransParentId />
  <ApprovalCode />
  <VoucherNumber />
  <IVRAuthNumber />
  <SubTransType />
  <ShowResponse>1</ShowResponse>
  <ReferralNum />
  <EqualPayPlanNum />
  <CurrencyCode>840</CurrencyCode>
  <ClerkID>111</ClerkID>
  <TransactionDate>03282024</TransactionDate>
  <TransactionTime>132357</TransactionTime>
  <TipEligible>0</TipEligible>
  <AmountNoBar>0</AmountNoBar>
  <BatchNumber />
  <AllowknukleBuster>0</AllowknukleBuster>
  <TicketProductData>
    <TicketCount>1</TicketCount>
    <Tickets>
      <Ticket>
        <TicketNumber>1234567</TicketNumber>
        <ProductCount>1</ProductCount>
        <Products>
          <Product>
            <ProductID>1</ProductID>
            <ProductName>Product 1</ProductName>
            <ProductShortDescription>ProductShortDec1</ProductShortDescription>
            <ProductStatementDescriptor />
            <DepartmentID>001</DepartmentID>
            <DepartmentName>Electronic's</DepartmentName>
            <Quantity>2</Quantity>
            <Price>5.00</Price>
            <Tax />
            <ProductTypeFlag />
          </Product>
        </Products>
      </Ticket>
    </Tickets>
  </TicketProductData>
  <UPCDetails>
    <UPCCount>1</UPCCount>
    <UPCItems>
      <UPCItem>
        <UPCIndicator>1</UPCIndicator>
        <UPCPLUData>000</UPCPLUData>
        <UPCItemPrice>1</UPCItemPrice>
        <UPCQuantity>10</UPCQuantity>
        <UnitofMeasure>C</UnitofMeasure>
      </UPCItem>
    </UPCItems>
  </UPCDetails>
  <FleetData>
    <FleetProductCount>1</FleetProductCount>
    <FleetProducts>
      <FleetProduct>
        <FleetProductSeqNo>001</FleetProductSeqNo>
        <FleetProductDataType>102</FleetProductDataType>
        <FleetServiceLevel>S</FleetServiceLevel>
        <FleetNACSCode>001</FleetNACSCode>
        <FleetProductName>product 1</FleetProductName>
        <FleetUnitOfMeasure>O</FleetUnitOfMeasure>
        <FleetProductQuantity>1</FleetProductQuantity>
        <FleetProductUnitPrice>5</FleetProductUnitPrice>
        <FleetProductTotalAmount>5</FleetProductTotalAmount>
      </FleetProduct>
    </FleetProducts>
  </FleetData>
  <Level3ProductsData>
    <Level3ProductCount>1</Level3ProductCount>
    <Level3ProductChunkIndicator>0</Level3ProductChunkIndicator>
    <Level3Products>
      <Level3Product>
        <L3ProductSeqNo>001</L3ProductSeqNo>
        <L3ProductCode>Product Code</L3ProductCode>
        <L3ProductName>Product1</L3ProductName>
        <L3ProductDescription />
        <L3ProductQuantity>2</L3ProductQuantity>
        <L3UnitOfMeasure>O</L3UnitOfMeasure>
        <L3ProductUnitPrice>3</L3ProductUnitPrice>
        <L3ProductDiscount>1</L3ProductDiscount>
        <L3ProductTax>1.11</L3ProductTax>
        <L3ProductTaxRate />
        <L3FreightAmount />
        <L3MonogramAmount />
        <L3TarriffAmount />
        <L3OtherAmount />
        <L3GiftWrapAmount />
        <L3DepartmentID />
        <L3ClassID />
        <L3OrderRefNumber />
        <L3ProductTotalAmount>12</L3ProductTotalAmount>
      </Level3Product>
    </Level3Products>
  </Level3ProductsData>
  <EPPDetailsInfo>
    <STAN />
    <LifecycleID />
    <POSCapability />
    <ConditionCode />
    <AmountDue />
    <TermsVersion />
    <ProductIdentificationData />
    <ProductCount />
    <EPPDetails>
      <EPPProductData>
        <DatasetVersion />
        <ItemCode />
        <Quantity />
        <SignIndicator />
        <Price />
        <MBASDiscountQuantity />
        <MBASDiscountAmount />
        <EligibilityFlag />
        <RedemptionReqAmount />
        <ManufacturerDiscountAmount />
        <ManufacturerDiscountType />
        <AdjustmentPrice />
        <ItemReferenceNumber />
        <PurseID />
        <MBASStoreDiscountQuantity />
        <MBASStoreDiscountAmount />
        <StoreDiscountAmount />
        <StoreDiscountType />
        <MBASEligibilityFlags />
      </EPPProductData>
    </EPPDetails>
  </EPPDetailsInfo>
  <TenderTypeRestrictions />
  <SignatureFlag>N</SignatureFlag>
  <IsTokenizedTransaction>0</IsTokenizedTransaction>
  <FleetPromptCode />
  <AllowZipPrompt>0</AllowZipPrompt>
  <PartialAllowed>1</PartialAllowed>
  <PrintOnlyMode>N</PrintOnlyMode>
  <POSEnvironmentIndicator />
  <ThirdPartyID />
  <ThirdPartyURL />
  <SettlementInfo>
    <PromotionCode />
    <CreditPlan />
    <MerchantTransactionCode />
    <TransactionDescription />
    <InCircleAmount />
    <SalesCheckNumber />
  </SettlementInfo>
  <PLCCPaymentMethod />
  <AdditionalTags>
    <Tags>
      <Tag>
        <Key />
        <Value />
      </Tag>
      <Tag>
        <Key />
        <Value />
      </Tag>
    </Tags>
  </AdditionalTags>
  <Reserved1 />
  <Reserved2 />
  <ECOMMFingerPrintInfo>
    <IPAddress />
    <DeviceOS />
    <DeviceType />
    <BrowserDetails />
    <DeviceScreenResolution />
    <ReferralURL />
    <CountryCode>840</CountryCode>
    <StateName />
    <City />
    <BrowserLanguage>en-us English</BrowserLanguage>
    <WebsiteSessionID />
    <NetworkType />
    <NetworkSubType />
    <NetworkDownloadSpeed />
    <NetworkMaxDownloadSpeed />
  </ECOMMFingerPrintInfo>
  <InputIdentifier />
  <InputIdData />
  <OutputDataMatrix />
  <LoyaltyLookupFlag />
  <CorpID />
  <SubWalletIdentifier />
  <CardTypeSupport />
  <ClerkName />
</TransRequest>

2024-03-28 13:24:11 INFO  Logger:10 - <?xml version="1.0" encoding="UTF-8"?>
<TransResponse>
  <POSID>01</POSID>
  <APPID>04</APPID>
  <CCTID>06</CCTID>
  <TransDetailsData>
    <TransDetailData>
      <CardNumber>541333XXXXXX4111</CardNumber>
      <CardType>MCC</CardType>
      <TransactionTypeCode>2</TransactionTypeCode>
      <CardEntryMode>K</CardEntryMode>
      <KI />
      <KIType />
      <TransactionAmount>2.00</TransactionAmount>
      <TipAmount>0.00</TipAmount>
      <TransactionIdentifier>194240881404305167</TransactionIdentifier>
      <ResponseCode>00000</ResponseCode>
      <ResponseText>APPROVAL</ResponseText>
      <ApprovalCode>000000</ApprovalCode>
      <BalanceAmount>0.00</BalanceAmount>
      <AuthAVSResult />
      <TransactionSequenceNumber>000008</TransactionSequenceNumber>
      <CardExpiryDate />
      <CustomerName />
      <CustomerTokenNumber>0023391247034111</CustomerTokenNumber>
      <SignatureReceiptFlag>1</SignatureReceiptFlag>
      <PartialApprovedFlag>N</PartialApprovedFlag>
      <EMVFlag>0</EMVFlag>
      <EMVData />
      <AdditionalReceiptInfo>
        <Line>AMOUNT:2.00</Line>
        <Line>CARD:MASTERCARD CREDIT XXXX4111 KEYED</Line>
        <Line>APPROVAL CODE:000000</Line>
      </AdditionalReceiptInfo>
      <VoidData />
      <LoyaltyInfo>
        <Usepoints />
        <BalancePoint />
        <Expiry />
        <LoyaltyLevel />
      </LoyaltyInfo>
      <ReferralNUM />
      <ReferralDialInformation />
      <OpenToPayCash />
      <OpenToBuy />
      <LastPaymentDate />
      <LastPaymentAmount />
      <ProcessorResponseCode>000</ProcessorResponseCode>
      <GiftCardTypePassCode />
      <ProcessorMerchantId />
      <ForcedComplianceCode />
      <CardIdentifier />
      <TransactionToken />
      <ReceiptToken>5413331100064111</ReceiptToken>
      <CorpCardToken />
      <EcomToken />
      <EcomResponseCode />
      <EcomResponseText />
      <CRMToken>0023391247034111</CRMToken>
      <ProcessorToken>0023391247034111</ProcessorToken>
      <FraudScoreInfo>
        <RequestToken />
      </FraudScoreInfo>
      <ECOMMInfo>
        <OneOrderToken />
        <CVVResult>0</CVVResult>
      </ECOMMInfo>
      <DCCDetails>
        <DCCOffered>0</DCCOffered>
      </DCCDetails>
      <CashbackAmount>0.00</CashbackAmount>
      <LanguageIndicator>00</LanguageIndicator>
      <TotalApprovedAmount>2.00</TotalApprovedAmount>
      <FallbackIndicator>0</FallbackIndicator>
      <PromotionCode />
      <CardClass />
      <BillingAddress />
      <EPPDetailsInfo />
      <Reserved1 />
      <Reserved2 />
      <CheckInfo />
      <ReceiptDetails>
        <ReceiptData>
          <LanguageIndicator>00</LanguageIndicator>
          <ReceiptInfo>
            <Line>AMOUNT:2.00</Line>
            <Line>CARD:MASTERCARD CREDIT XXXX4111 KEYED</Line>
            <Line>APPROVAL CODE:000000</Line>
          </ReceiptInfo>
        </ReceiptData>
      </ReceiptDetails>
    </TransDetailData>
  </TransDetailsData>
  <BatchNumber>088001</BatchNumber>
  <AurusPayTicketNum>424088140430510087</AurusPayTicketNum>
  <AdditionalTags>
    <Tags>
      <Tag>
        <Key />
        <Value />
      </Tag>
      <Tag>
        <Key />
        <Value />
      </Tag>
    </Tags>
  </AdditionalTags>
  <SessionId>12345</SessionId>
</TransResponse>

